#
# A fatal error has been detected by the Java Runtime Environment:
#
#  EXCEPTION_ACCESS_VIOLATION (0xc0000005) at pc=0x00007ffc5949ff41, pid=32732, tid=15876
#
# JRE version: OpenJDK Runtime Environment Temurin-21.0.11+10 (21.0.11+10) (build 21.0.11+10-LTS)
# Java VM: OpenJDK 64-Bit Server VM Temurin-21.0.11+10 (21.0.11+10-LTS, mixed mode, sharing, tiered, compressed oops, compressed class ptrs, parallel gc, windows-amd64)
# Problematic frame:
# V  [jvm.dll+0x6fff41]
#
# No core dump will be written. Minidumps are not enabled by default on client versions of Windows
#
# If you would like to submit a bug report, please visit:
#   https://github.com/adoptium/adoptium-support/issues
#

---------------  S U M M A R Y ------------

Command Line: --add-modules=ALL-SYSTEM --add-opens=java.base/java.util=ALL-UNNAMED --add-opens=java.base/java.lang=ALL-UNNAMED --add-opens=java.base/sun.nio.fs=ALL-UNNAMED -Declipse.application=org.eclipse.jdt.ls.core.id1 -Dosgi.bundles.defaultStartLevel=4 -Declipse.product=org.eclipse.jdt.ls.core.product -Djava.import.generatesMetadataFilesAtProjectRoot=false -DDetectVMInstallationsJob.disabled=true -Dfile.encoding=utf8 -XX:+UseParallelGC -XX:GCTimeRatio=4 -XX:AdaptiveSizePolicyWeight=90 -Dsun.zip.disableMemoryMapping=true -Xmx2G -Xms100m -Xlog:disable -javaagent:c:\Users\alfon\.vscode\extensions\redhat.java-1.56.2026063009-win32-x64\lombok\lombok-1.18.39-4050.jar -XX:+HeapDumpOnOutOfMemoryError -XX:HeapDumpPath=c:\Users\alfon\AppData\Roaming\Code\User\workspaceStorage\6a117555faf51d1baf0e9514ff5b3d53\redhat.java -Daether.dependencyCollector.impl=bf -XX:+UnlockDiagnosticVMOptions -XX:+AllowArchivingWithJavaAgent -XX:+AutoCreateSharedArchive -XX:SharedArchiveFile=c:\Users\alfon\AppData\Roaming\Code\User\globalStorage\redhat.java\1.56.2026063009\jdtls.jsa c:\Users\alfon\.vscode\extensions\redhat.java-1.56.2026063009-win32-x64\server\plugins\org.eclipse.equinox.launcher_1.7.200.v20260619-2039.jar -configuration c:\Users\alfon\AppData\Roaming\Code\User\globalStorage\redhat.java\1.56.2026063009\config_win -data c:\Users\alfon\AppData\Roaming\Code\User\workspaceStorage\6a117555faf51d1baf0e9514ff5b3d53\redhat.java\jdt_ws --pipe=\\.\pipe\lsp-a9ac285b8278a4fd09e67d575288d28f-sock

Host: Intel(R) Core(TM) i9-14900HX, 32 cores, 15G,  Windows 11 , 64 bit Build 26100 (10.0.26100.8521)
Time: Wed Jul  1 18:12:46 2026 Hora est. Pac璗ico, Sudam廨ica elapsed time: 993.928513 seconds (0d 0h 16m 33s)

---------------  T H R E A D  ---------------

Current thread (0x00000246d44bc5d0):  JavaThread "C2 CompilerThread0" daemon [_thread_in_native, id=15876, stack(0x0000005237600000,0x0000005237700000) (1024K)]


Current CompileTask:
C2:993928 20257   !   4       org.eclipse.jdt.internal.compiler.lookup.Scope::getBinding (1577 bytes)

Stack: [0x0000005237600000,0x0000005237700000],  sp=0x00000052376fbe08,  free space=1007k
Native frames: (J=compiled Java code, j=interpreted, Vv=VM code, C=native code)
V  [jvm.dll+0x6fff41]
C  0x00000246f7a18750


siginfo: EXCEPTION_ACCESS_VIOLATION (0xc0000005), reading address 0xfffffffffffffff3


Registers:
RAX=0xfffffffffffffff3, RBX=0x00000246d44bd1f0, RCX=0x00000246d451be10, RDX=0x00000246ec551410
RSP=0x00000052376fbe08, RBP=0x0000000000000003, RSI=0x00000052376fc6e0, RDI=0x00000246f7475598
R8 =0x0000000001000000, R9 =0x00000246ec551458, R10=0x00000246ec551410, R11=0x00000246ec551458
R12=0x00000246f4f95810, R13=0x00000246d44b3440, R14=0x00000246ec551410, R15=0x0000000000058200
RIP=0x00007ffc5949ff41, EFLAGS=0x0000000000010282

XMM[0]=0x0000000000000000 0x0000000000000000
XMM[1]=0x00000246f71b3d30 0x00000246f71b3e40
XMM[2]=0x00000246f968ed20 0x00000246f71b3dd8
XMM[3]=0x0000000000000000 0x0000000000000000
XMM[4]=0x0000000000000000 0x0000000000000000
XMM[5]=0x0000000000000000 0x0000000000000000
XMM[6]=0x0000000000000000 0x0000000000000000
XMM[7]=0x0000000000000000 0x0000000000000000
XMM[8]=0x0000000000000000 0x0000000000000000
XMM[9]=0x0000000000000000 0x0000000000000000
XMM[10]=0x0000000000000000 0x0000000000000000
XMM[11]=0x0000000000000000 0x0000000000000000
XMM[12]=0x0000000000000000 0x0000000000000000
XMM[13]=0x0000000000000000 0x0000000000000000
XMM[14]=0x0000000000000000 0x0000000000000000
XMM[15]=0x0000000000000000 0x0000000000000000
  MXCSR=0x00001fb2


Register to memory mapping:

RAX=0xfffffffffffffff3 is an unknown value
RBX=0x00000246d44bd1f0 points into unknown readable memory: 0x0000000000000000 | 00 00 00 00 00 00 00 00
RCX=0x00000246d451be10 points into unknown readable memory: 0x00007ffc597ab570 | 70 b5 7a 59 fc 7f 00 00
RDX=0x00000246ec551410 points into unknown readable memory: 0x00007ffc597e10b8 | b8 10 7e 59 fc 7f 00 00
RSP=0x00000052376fbe08 is pointing into the stack for thread: 0x00000246d44bc5d0
RBP=0x0000000000000003 is an unknown value
RSI=0x00000052376fc6e0 is pointing into the stack for thread: 0x00000246d44bc5d0
RDI=0x00000246f7475598 points into unknown readable memory: 0x00007ffc597c1460 | 60 14 7c 59 fc 7f 00 00
R8 =0x0000000001000000 is an unknown value
R9 =0x00000246ec551458 points into unknown readable memory: 0x0000000000000000 | 00 00 00 00 00 00 00 00
R10=0x00000246ec551410 points into unknown readable memory: 0x00007ffc597e10b8 | b8 10 7e 59 fc 7f 00 00
R11=0x00000246ec551458 points into unknown readable memory: 0x0000000000000000 | 00 00 00 00 00 00 00 00
R12=0x00000246f4f95810 points into unknown readable memory: 0x0000000000000000 | 00 00 00 00 00 00 00 00
R13=0x00000246d44b3440 points into unknown readable memory: 0x0000000000000007 | 07 00 00 00 00 00 00 00
R14=0x00000246ec551410 points into unknown readable memory: 0x00007ffc597e10b8 | b8 10 7e 59 fc 7f 00 00
R15=0x0000000000058200 is an unknown value

Top of Stack: (sp=0x00000052376fbe08)
0x00000052376fbe08:   0000000000000003 00000246f7475598   .........UG.F...
0x00000052376fbe18:   00000246d44bd1f0 0000000000000003   ..K.F...........
0x00000052376fbe28:   fffffffffffffff3 00000246f4f95890   .........X..F...
0x00000052376fbe38:   00000246f4f95a80 00000246f4f95880   .Z..F....X..F...
0x00000052376fbe48:   00000246d44b3440 00000246ec551388   @4K.F.....U.F...
0x00000052376fbe58:   00000246fb75e2f0 00000000000008d8   ..u.F...........
0x00000052376fbe68:   00000246ec551380 00000052376fc310   ..U.F.....o7R...
0x00000052376fbe78:   0000000000000000 00000246f7a18750   ........P...F...
0x00000052376fbe88:   00007ffc593b5c9b 0000000000000001   .\;Y............
0x00000052376fbe98:   00000246f4f95880 00000246f4f9d7f8   .X..F.......F...
0x00000052376fbea8:   0000000000058248 00000052376fc310   H.........o7R...
0x00000052376fbeb8:   00007ffc593b6f57 00000052376fc310   Wo;Y......o7R...
0x00000052376fbec8:   00007ffc593b6245 0000000100000007   Eb;Y............
0x00000052376fbed8:   00007ffc000008d8 00000246ec551380   ..........U.F...
0x00000052376fbee8:   00000246ec551388 00000246d44bd260   ..U.F...`.K.F...
0x00000052376fbef8:   00007ffc593abb4b 0000000000000001   K.:Y............
0x00000052376fbf08:   00000052376fc310 000000000000000f   ..o7R...........
0x00000052376fbf18:   00000246fb75e2f0 00000052376fc310   ..u.F.....o7R...
0x00000052376fbf28:   00000246f523bdd0 00000246f7a18750   ..#.F...P...F...
0x00000052376fbf38:   00007ffc593b5180 00000246f523be20   .Q;Y.... .#.F...
0x00000052376fbf48:   0000024600000000 00000246f7a18750   ....F...P...F...
0x00000052376fbf58:   00007ffc00000000 0000000000000023   ........#.......
0x00000052376fbf68:   0000000000000017 00000246f443c580   ..........C.F...
0x00000052376fbf78:   0000000000000001 00000246fb75e2f0   ..........u.F...
0x00000052376fbf88:   00007ffc593b4fb0 0000000000000001   .O;Y............
0x00000052376fbf98:   00000052376fc050 0000000000000003   P.o7R...........
0x00000052376fbfa8:   0000000000000002 00000246f45f6dc8   .........m_.F...
0x00000052376fbfb8:   0000000000000000 00000246d44bd200   ..........K.F...
0x00000052376fbfc8:   00000052376fc310 00000246f89aebd8   ..o7R.......F...
0x00000052376fbfd8:   00007ffc5939f0a1 0000000000000000   ..9Y............
0x00000052376fbfe8:   00000052376fc030 00000246f45f6dc8   0.o7R....m_.F...
0x00000052376fbff8:   00000052376fc0e0 00000052376fc050   ..o7R...P.o7R...

Instructions: (pc=0x00007ffc5949ff41)
0x00007ffc5949fe41:   83 ec 40 44 8b 05 5d f7 5e 00 48 8b f1 65 48 8b
0x00007ffc5949fe51:   04 25 58 00 00 00 48 8b fa 41 be 70 00 00 00 4a
0x00007ffc5949fe61:   8b 1c c0 41 0f b6 0c 1e 84 c9 75 0a e8 ce 47 25
0x00007ffc5949fe71:   00 41 0f b6 0c 1e b8 20 00 00 00 48 8b 04 18 4c
0x00007ffc5949fe81:   8b a8 20 03 00 00 49 8b 6d 18 4d 8b 75 20 4d 8b
0x00007ffc5949fe91:   7d 28 4d 8b 65 10 48 89 ac 24 88 00 00 00 4c 89
0x00007ffc5949fea1:   b4 24 90 00 00 00 4c 89 bc 24 98 00 00 00 84 c9
0x00007ffc5949feb1:   75 05 e8 88 47 25 00 b8 20 00 00 00 48 8b 04 18
0x00007ffc5949fec1:   48 8b 88 20 03 00 00 48 89 4c 24 38 48 8b 51 18
0x00007ffc5949fed1:   48 8b 41 20 48 2b c2 48 3d 00 02 00 00 72 0d 48
0x00007ffc5949fee1:   8d 82 00 02 00 00 48 89 41 18 eb 10 45 33 c0 ba
0x00007ffc5949fef1:   00 02 00 00 e8 a6 6d 9c ff 48 8b d0 48 8d 8a 00
0x00007ffc5949ff01:   02 00 00 48 89 54 24 30 48 89 4c 24 28 48 89 54
0x00007ffc5949ff11:   24 20 48 3b d1 72 0f 48 8d 4c 24 20 e8 ee 2f fb
0x00007ffc5949ff21:   ff 48 8b 54 24 20 48 89 3a c7 42 08 00 00 00 00
0x00007ffc5949ff31:   48 8b 44 24 20 48 3b 44 24 30 0f 82 7d 02 00 00
0x00007ffc5949ff41:   4c 8b 30 49 8b ce 49 8b 06 ff 10 3d 2c 01 00 00
0x00007ffc5949ff51:   75 0b 48 8b d6 49 8b ce e8 42 23 ad ff 48 8b 4c
0x00007ffc5949ff61:   24 20 83 79 08 00 0f 85 cc 01 00 00 c7 41 08 01
0x00007ffc5949ff71:   00 00 00 41 8b 46 30 c1 e8 04 a8 01 0f 85 b1 01
0x00007ffc5949ff81:   00 00 48 8b 4e 20 49 8b d6 45 32 ff e8 be f0 ff
0x00007ffc5949ff91:   ff 33 ed 41 39 6e 18 0f 86 96 01 00 00 66 90 49
0x00007ffc5949ffa1:   8b 46 08 48 8b 3c e8 48 85 ff 0f 84 72 01 00 00
0x00007ffc5949ffb1:   48 8b 46 10 48 3b b8 e8 02 00 00 0f 84 61 01 00
0x00007ffc5949ffc1:   00 4c 8b ce 45 33 c0 48 8b d7 49 8b ce e8 2d 44
0x00007ffc5949ffd1:   fb ff 8b 47 20 85 c0 75 36 48 8b 44 24 20 48 83
0x00007ffc5949ffe1:   c0 10 48 89 44 24 20 48 3b 44 24 28 72 0f 48 8d
0x00007ffc5949fff1:   4c 24 20 e8 17 2f fb ff 48 8b 44 24 20 48 89 38
0x00007ffc594a0001:   41 b7 01 c7 40 08 00 00 00 00 e9 a9 00 00 00 83
0x00007ffc594a0011:   f8 01 75 24 48 8b cf e8 53 30 fb ff 84 c0 74 18
0x00007ffc594a0021:   48 8b 57 10 48 8b 8e 68 09 00 00 48 8b 12 e8 5c
0x00007ffc594a0031:   38 9d ff e9 80 00 00 00 83 7f 20 02 77 60 41 8b


Stack slot to memory mapping:

stack at sp + 0 slots: 0x0000000000000003 is an unknown value
stack at sp + 1 slots: 0x00000246f7475598 points into unknown readable memory: 0x00007ffc597c1460 | 60 14 7c 59 fc 7f 00 00
stack at sp + 2 slots: 0x00000246d44bd1f0 points into unknown readable memory: 0x0000000000000000 | 00 00 00 00 00 00 00 00
stack at sp + 3 slots: 0x0000000000000003 is an unknown value
stack at sp + 4 slots: 0xfffffffffffffff3 is an unknown value
stack at sp + 5 slots: 0x00000246f4f95890 points into unknown readable memory: 0x00000246ec551410 | 10 14 55 ec 46 02 00 00
stack at sp + 6 slots: 0x00000246f4f95a80 points into unknown readable memory: 0x696c63652e67726f | 6f 72 67 2e 65 63 6c 69
stack at sp + 7 slots: 0x00000246f4f95880 points into unknown readable memory: 0x00000246ec551380 | 80 13 55 ec 46 02 00 00


---------------  P R O C E S S  ---------------

Threads class SMR info:
_java_thread_list=0x00000246fbb1a7c0, length=120, elements={
0x00000246d2003380, 0x00000246d45cbbc0, 0x00000246d45cd860, 0x00000246d44a72f0,
0x00000246d44ae340, 0x00000246ec3fefc0, 0x00000246d44b5e50, 0x00000246d44bc5d0,
0x00000246ec415490, 0x00000246ec60e7e0, 0x00000246f41cadb0, 0x00000246f4c1b700,
0x00000246f459d200, 0x00000246f4c4d0e0, 0x00000246f4aeae50, 0x00000246f443a850,
0x00000246f50fc4d0, 0x00000246f43f61b0, 0x00000246f4601f90, 0x00000246f51f27b0,
0x00000246f51f34d0, 0x00000246f51f6fe0, 0x00000246f51f41f0, 0x00000246f51f3b60,
0x00000246f51f55a0, 0x00000246f51f4880, 0x00000246f51f7670, 0x00000246f51f7d00,
0x00000246f51f8390, 0x00000246f51f4f10, 0x00000246f51f90b0, 0x00000246f51f6950,
0x00000246f51f5c30, 0x00000246f51f8a20, 0x00000246f51f9740, 0x00000246f51f62c0,
0x00000246f4e24850, 0x00000246f4e22780, 0x00000246f4e241c0, 0x00000246f4e22e10,
0x00000246f4e21a60, 0x00000246f4e234a0, 0x00000246f4e24ee0, 0x00000246f4e23b30,
0x00000246f4e25570, 0x00000246f4e220f0, 0x00000246f4e25c00, 0x00000246f4e29080,
0x00000246f4e26290, 0x00000246f4e26920, 0x00000246f4e26fb0, 0x00000246f4e27640,
0x00000246f4e27cd0, 0x00000246f4e289f0, 0x00000246f4e28360, 0x00000246f67daaa0,
0x00000246f67dfff0, 0x00000246f67e13a0, 0x00000246f67ddf20, 0x00000246f67dec40,
0x00000246f67df960, 0x00000246f67e0d10, 0x00000246f67e0680, 0x00000246f67e1a30,
0x00000246f67de5b0, 0x00000246f427e2b0, 0x00000246f427e940, 0x00000246f427efd0,
0x00000246f427d590, 0x00000246f427f660, 0x00000246f427fcf0, 0x00000246f4280380,
0x00000246f427cf00, 0x00000246f4280a10, 0x00000246f42810a0, 0x00000246f427dc20,
0x00000246f4281730, 0x00000246f4283800, 0x00000246f4281dc0, 0x00000246f4282450,
0x00000246f4282ae0, 0x00000246f4283170, 0x00000246f4283e90, 0x00000246f4284520,
0x00000246f933b4f0, 0x00000246f933a140, 0x00000246f933c210, 0x00000246f933c8a0,
0x00000246f933e970, 0x00000246f67db7c0, 0x00000246f67da410, 0x00000246f67df2d0,
0x00000246f67dbe50, 0x00000246f67dcb70, 0x00000246f933cf30, 0x00000246f933f000,
0x00000246f933dc50, 0x00000246f7561aa0, 0x00000246f755f9d0, 0x00000246f7562130,
0x00000246f755f340, 0x00000246f7564200, 0x00000246f7564890, 0x00000246f75655b0,
0x00000246f7565c40, 0x00000246f75662d0, 0x00000246f75634e0, 0x00000246f67dd200,
0x00000246f49799e0, 0x00000246f497ad90, 0x00000246f4979350, 0x00000246f497bab0,
0x00000246f497c140, 0x00000246f497ce60, 0x00000246f497a070, 0x00000246f4980970,
0x00000246f7562e50, 0x00000246f7560d80, 0x00000246f497ef30, 0x00000246f4602620
}

Java Threads: ( => current thread )
  0x00000246d2003380 JavaThread "main"                              [_thread_blocked, id=5320, stack(0x0000005236c00000,0x0000005236d00000) (1024K)]
  0x00000246d45cbbc0 JavaThread "Reference Handler"          daemon [_thread_blocked, id=36420, stack(0x0000005237000000,0x0000005237100000) (1024K)]
  0x00000246d45cd860 JavaThread "Finalizer"                  daemon [_thread_blocked, id=40564, stack(0x0000005237100000,0x0000005237200000) (1024K)]
  0x00000246d44a72f0 JavaThread "Signal Dispatcher"          daemon [_thread_blocked, id=31164, stack(0x0000005237200000,0x0000005237300000) (1024K)]
  0x00000246d44ae340 JavaThread "Attach Listener"            daemon [_thread_blocked, id=18848, stack(0x0000005237300000,0x0000005237400000) (1024K)]
  0x00000246ec3fefc0 JavaThread "Service Thread"             daemon [_thread_blocked, id=12868, stack(0x0000005237400000,0x0000005237500000) (1024K)]
  0x00000246d44b5e50 JavaThread "Monitor Deflation Thread"   daemon [_thread_blocked, id=33408, stack(0x0000005237500000,0x0000005237600000) (1024K)]
=>0x00000246d44bc5d0 JavaThread "C2 CompilerThread0"         daemon [_thread_in_native, id=15876, stack(0x0000005237600000,0x0000005237700000) (1024K)]
  0x00000246ec415490 JavaThread "C1 CompilerThread0"         daemon [_thread_blocked, id=14224, stack(0x0000005237700000,0x0000005237800000) (1024K)]
  0x00000246ec60e7e0 JavaThread "Common-Cleaner"             daemon [_thread_blocked, id=14468, stack(0x0000005237c00000,0x0000005237d00000) (1024K)]
  0x00000246f41cadb0 JavaThread "Notification Thread"        daemon [_thread_blocked, id=29100, stack(0x0000005237f00000,0x0000005238000000) (1024K)]
  0x00000246f4c1b700 JavaThread "Active Thread: Equinox Container: 18b4f6b0-4d38-434b-9d1e-e7f2ed6b5e27"        [_thread_blocked, id=32776, stack(0x0000005238800000,0x0000005238900000) (1024K)]
  0x00000246f459d200 JavaThread "Refresh Thread: Equinox Container: 18b4f6b0-4d38-434b-9d1e-e7f2ed6b5e27" daemon [_thread_blocked, id=17956, stack(0x0000005237a00000,0x0000005237b00000) (1024K)]
  0x00000246f4c4d0e0 JavaThread "Framework Event Dispatcher: Equinox Container: 18b4f6b0-4d38-434b-9d1e-e7f2ed6b5e27" daemon [_thread_blocked, id=15536, stack(0x0000005237d00000,0x0000005237e00000) (1024K)]
  0x00000246f4aeae50 JavaThread "Start Level: Equinox Container: 18b4f6b0-4d38-434b-9d1e-e7f2ed6b5e27" daemon [_thread_blocked, id=19340, stack(0x0000005237e00000,0x0000005237f00000) (1024K)]
  0x00000246f443a850 JavaThread "Bundle File Closer"         daemon [_thread_blocked, id=32568, stack(0x0000005238a00000,0x0000005238b00000) (1024K)]
  0x00000246f50fc4d0 JavaThread "SCR Component Actor"        daemon [_thread_blocked, id=7716, stack(0x0000005238700000,0x0000005238800000) (1024K)]
  0x00000246f43f61b0 JavaThread "Worker-JM"                         [_thread_blocked, id=12380, stack(0x0000005238f00000,0x0000005239000000) (1024K)]
  0x00000246f4601f90 JavaThread "JNA Cleaner"                daemon [_thread_blocked, id=36356, stack(0x0000005238d00000,0x0000005238e00000) (1024K)]
  0x00000246f51f27b0 JavaThread "Java indexing"              daemon [_thread_blocked, id=30032, stack(0x0000005239d00000,0x0000005239e00000) (1024K)]
  0x00000246f51f34d0 JavaThread "Thread-1"                   daemon [_thread_in_native, id=14708, stack(0x000000523a700000,0x000000523a800000) (1024K)]
  0x00000246f51f6fe0 JavaThread "Thread-2"                   daemon [_thread_in_native, id=36400, stack(0x000000523a800000,0x000000523a900000) (1024K)]
  0x00000246f51f41f0 JavaThread "Thread-3"                   daemon [_thread_in_native, id=31408, stack(0x000000523a900000,0x000000523aa00000) (1024K)]
  0x00000246f51f3b60 JavaThread "Thread-4"                   daemon [_thread_in_native, id=28108, stack(0x000000523aa00000,0x000000523ab00000) (1024K)]
  0x00000246f51f55a0 JavaThread "Thread-5"                   daemon [_thread_in_native, id=40152, stack(0x000000523ab00000,0x000000523ac00000) (1024K)]
  0x00000246f51f4880 JavaThread "Thread-6"                   daemon [_thread_in_native, id=23204, stack(0x000000523ac00000,0x000000523ad00000) (1024K)]
  0x00000246f51f7670 JavaThread "Thread-7"                   daemon [_thread_in_native, id=37224, stack(0x000000523ad00000,0x000000523ae00000) (1024K)]
  0x00000246f51f7d00 JavaThread "Thread-8"                   daemon [_thread_in_native, id=20408, stack(0x000000523ae00000,0x000000523af00000) (1024K)]
  0x00000246f51f8390 JavaThread "Thread-9"                   daemon [_thread_in_native, id=35164, stack(0x000000523af00000,0x000000523b000000) (1024K)]
  0x00000246f51f4f10 JavaThread "Thread-10"                  daemon [_thread_in_native, id=22048, stack(0x000000523b000000,0x000000523b100000) (1024K)]
  0x00000246f51f90b0 JavaThread "Thread-11"                  daemon [_thread_in_native, id=38384, stack(0x000000523b100000,0x000000523b200000) (1024K)]
  0x00000246f51f6950 JavaThread "Thread-12"                  daemon [_thread_in_native, id=35732, stack(0x000000523b200000,0x000000523b300000) (1024K)]
  0x00000246f51f5c30 JavaThread "Thread-13"                  daemon [_thread_in_native, id=31556, stack(0x000000523b300000,0x000000523b400000) (1024K)]
  0x00000246f51f8a20 JavaThread "Thread-14"                  daemon [_thread_in_native, id=31084, stack(0x000000523b400000,0x000000523b500000) (1024K)]
  0x00000246f51f9740 JavaThread "Thread-15"                  daemon [_thread_in_native, id=38472, stack(0x000000523b500000,0x000000523b600000) (1024K)]
  0x00000246f51f62c0 JavaThread "Thread-16"                  daemon [_thread_in_native, id=3876, stack(0x000000523b600000,0x000000523b700000) (1024K)]
  0x00000246f4e24850 JavaThread "Thread-17"                  daemon [_thread_in_native, id=3440, stack(0x000000523b700000,0x000000523b800000) (1024K)]
  0x00000246f4e22780 JavaThread "Thread-18"                  daemon [_thread_in_native, id=29092, stack(0x000000523b800000,0x000000523b900000) (1024K)]
  0x00000246f4e241c0 JavaThread "Thread-19"                  daemon [_thread_in_native, id=21580, stack(0x000000523b900000,0x000000523ba00000) (1024K)]
  0x00000246f4e22e10 JavaThread "Thread-20"                  daemon [_thread_in_native, id=28532, stack(0x000000523ba00000,0x000000523bb00000) (1024K)]
  0x00000246f4e21a60 JavaThread "Thread-21"                  daemon [_thread_in_native, id=40352, stack(0x000000523bb00000,0x000000523bc00000) (1024K)]
  0x00000246f4e234a0 JavaThread "Thread-22"                  daemon [_thread_in_native, id=17932, stack(0x000000523bc00000,0x000000523bd00000) (1024K)]
  0x00000246f4e24ee0 JavaThread "Thread-23"                  daemon [_thread_in_native, id=17156, stack(0x000000523bd00000,0x000000523be00000) (1024K)]
  0x00000246f4e23b30 JavaThread "Thread-24"                  daemon [_thread_in_native, id=35156, stack(0x000000523be00000,0x000000523bf00000) (1024K)]
  0x00000246f4e25570 JavaThread "Thread-25"                  daemon [_thread_in_native, id=8764, stack(0x000000523bf00000,0x000000523c000000) (1024K)]
  0x00000246f4e220f0 JavaThread "Thread-26"                  daemon [_thread_in_native, id=1688, stack(0x000000523c000000,0x000000523c100000) (1024K)]
  0x00000246f4e25c00 JavaThread "Thread-27"                  daemon [_thread_in_native, id=33508, stack(0x000000523c100000,0x000000523c200000) (1024K)]
  0x00000246f4e29080 JavaThread "Thread-28"                  daemon [_thread_in_native, id=22364, stack(0x000000523c200000,0x000000523c300000) (1024K)]
  0x00000246f4e26290 JavaThread "Thread-29"                  daemon [_thread_in_native, id=35000, stack(0x000000523c300000,0x000000523c400000) (1024K)]
  0x00000246f4e26920 JavaThread "Thread-30"                  daemon [_thread_in_native, id=23368, stack(0x000000523c400000,0x000000523c500000) (1024K)]
  0x00000246f4e26fb0 JavaThread "Thread-31"                  daemon [_thread_in_native, id=32104, stack(0x000000523c500000,0x000000523c600000) (1024K)]
  0x00000246f4e27640 JavaThread "Thread-32"                  daemon [_thread_in_native, id=37208, stack(0x000000523c600000,0x000000523c700000) (1024K)]
  0x00000246f4e27cd0 JavaThread "Thread-33"                  daemon [_thread_in_native, id=37312, stack(0x000000523c700000,0x000000523c800000) (1024K)]
  0x00000246f4e289f0 JavaThread "pool-2-thread-1"                   [_thread_blocked, id=12816, stack(0x000000523cb00000,0x000000523cc00000) (1024K)]
  0x00000246f4e28360 JavaThread "WorkspaceEventsHandler"            [_thread_blocked, id=38648, stack(0x000000523cc00000,0x000000523cd00000) (1024K)]
  0x00000246f67daaa0 JavaThread "pool-1-thread-1"                   [_thread_blocked, id=23056, stack(0x000000523cd00000,0x000000523ce00000) (1024K)]
  0x00000246f67dfff0 JavaThread "PatternSearchJob-worker-1"  daemon [_thread_blocked, id=32872, stack(0x0000005238b00000,0x0000005238c00000) (1024K)]
  0x00000246f67e13a0 JavaThread "PatternSearchJob-worker-3"  daemon [_thread_blocked, id=18216, stack(0x0000005239e00000,0x0000005239f00000) (1024K)]
  0x00000246f67ddf20 JavaThread "PatternSearchJob-worker-4"  daemon [_thread_blocked, id=31588, stack(0x0000005239f00000,0x000000523a000000) (1024K)]
  0x00000246f67dec40 JavaThread "PatternSearchJob-worker-5"  daemon [_thread_blocked, id=4580, stack(0x000000523c800000,0x000000523c900000) (1024K)]
  0x00000246f67df960 JavaThread "PatternSearchJob-worker-6"  daemon [_thread_blocked, id=32500, stack(0x000000523c900000,0x000000523ca00000) (1024K)]
  0x00000246f67e0d10 JavaThread "PatternSearchJob-worker-7"  daemon [_thread_blocked, id=34596, stack(0x000000523ca00000,0x000000523cb00000) (1024K)]
  0x00000246f67e0680 JavaThread "PatternSearchJob-worker-9"  daemon [_thread_blocked, id=40568, stack(0x000000523d300000,0x000000523d400000) (1024K)]
  0x00000246f67e1a30 JavaThread "PatternSearchJob-worker-8"  daemon [_thread_blocked, id=35072, stack(0x000000523d400000,0x000000523d500000) (1024K)]
  0x00000246f67de5b0 JavaThread "PatternSearchJob-worker-10" daemon [_thread_blocked, id=13260, stack(0x000000523d500000,0x000000523d600000) (1024K)]
  0x00000246f427e2b0 JavaThread "PatternSearchJob-worker-11" daemon [_thread_blocked, id=24668, stack(0x000000523d600000,0x000000523d700000) (1024K)]
  0x00000246f427e940 JavaThread "PatternSearchJob-worker-12" daemon [_thread_blocked, id=6872, stack(0x000000523d700000,0x000000523d800000) (1024K)]
  0x00000246f427efd0 JavaThread "PatternSearchJob-worker-13" daemon [_thread_blocked, id=13980, stack(0x000000523d800000,0x000000523d900000) (1024K)]
  0x00000246f427d590 JavaThread "PatternSearchJob-worker-14" daemon [_thread_blocked, id=7700, stack(0x000000523d900000,0x000000523da00000) (1024K)]
  0x00000246f427f660 JavaThread "PatternSearchJob-worker-15" daemon [_thread_blocked, id=19444, stack(0x000000523da00000,0x000000523db00000) (1024K)]
  0x00000246f427fcf0 JavaThread "PatternSearchJob-worker-16" daemon [_thread_blocked, id=40512, stack(0x000000523db00000,0x000000523dc00000) (1024K)]
  0x00000246f4280380 JavaThread "PatternSearchJob-worker-17" daemon [_thread_blocked, id=22600, stack(0x000000523dc00000,0x000000523dd00000) (1024K)]
  0x00000246f427cf00 JavaThread "PatternSearchJob-worker-18" daemon [_thread_blocked, id=39368, stack(0x000000523dd00000,0x000000523de00000) (1024K)]
  0x00000246f4280a10 JavaThread "PatternSearchJob-worker-19" daemon [_thread_blocked, id=17336, stack(0x000000523de00000,0x000000523df00000) (1024K)]
  0x00000246f42810a0 JavaThread "PatternSearchJob-worker-20" daemon [_thread_blocked, id=32904, stack(0x000000523df00000,0x000000523e000000) (1024K)]
  0x00000246f427dc20 JavaThread "PatternSearchJob-worker-21" daemon [_thread_blocked, id=20668, stack(0x000000523e000000,0x000000523e100000) (1024K)]
  0x00000246f4281730 JavaThread "PatternSearchJob-worker-22" daemon [_thread_blocked, id=26112, stack(0x000000523e100000,0x000000523e200000) (1024K)]
  0x00000246f4283800 JavaThread "PatternSearchJob-worker-23" daemon [_thread_blocked, id=35428, stack(0x000000523e200000,0x000000523e300000) (1024K)]
  0x00000246f4281dc0 JavaThread "PatternSearchJob-worker-24" daemon [_thread_blocked, id=32640, stack(0x000000523e300000,0x000000523e400000) (1024K)]
  0x00000246f4282450 JavaThread "PatternSearchJob-worker-25" daemon [_thread_blocked, id=17008, stack(0x000000523e400000,0x000000523e500000) (1024K)]
  0x00000246f4282ae0 JavaThread "PatternSearchJob-worker-26" daemon [_thread_blocked, id=33912, stack(0x000000523e500000,0x000000523e600000) (1024K)]
  0x00000246f4283170 JavaThread "PatternSearchJob-worker-27" daemon [_thread_blocked, id=7280, stack(0x000000523e600000,0x000000523e700000) (1024K)]
  0x00000246f4283e90 JavaThread "PatternSearchJob-worker-28" daemon [_thread_blocked, id=34284, stack(0x000000523e700000,0x000000523e800000) (1024K)]
  0x00000246f4284520 JavaThread "PatternSearchJob-worker-29" daemon [_thread_blocked, id=33660, stack(0x000000523e800000,0x000000523e900000) (1024K)]
  0x00000246f933b4f0 JavaThread "PatternSearchJob-worker-30" daemon [_thread_blocked, id=39704, stack(0x000000523ea00000,0x000000523eb00000) (1024K)]
  0x00000246f933a140 JavaThread "PatternSearchJob-worker-31" daemon [_thread_blocked, id=17944, stack(0x000000523eb00000,0x000000523ec00000) (1024K)]
  0x00000246f933c210 JavaThread "Java Debug Server"          daemon [_thread_in_native, id=17192, stack(0x000000523e900000,0x000000523ea00000) (1024K)]
  0x00000246f933c8a0 JavaThread "RxSchedulerPurge-1"         daemon [_thread_blocked, id=22060, stack(0x000000523ed00000,0x000000523ee00000) (1024K)]
  0x00000246f933e970 JavaThread "RxCachedWorkerPoolEvictor-1" daemon [_thread_blocked, id=13440, stack(0x000000523ee00000,0x000000523ef00000) (1024K)]
  0x00000246f67db7c0 JavaThread "ForkJoinPool.commonPool-worker-6" daemon [_thread_blocked, id=8592, stack(0x0000005239700000,0x0000005239800000) (1024K)]
  0x00000246f67da410 JavaThread "ForkJoinPool.commonPool-worker-7" daemon [_thread_blocked, id=24552, stack(0x000000523a000000,0x000000523a100000) (1024K)]
  0x00000246f67df2d0 JavaThread "ForkJoinPool.commonPool-worker-8" daemon [_thread_blocked, id=7204, stack(0x000000523a100000,0x000000523a200000) (1024K)]
  0x00000246f67dbe50 JavaThread "ForkJoinPool.commonPool-worker-9" daemon [_thread_blocked, id=25448, stack(0x000000523a600000,0x000000523a700000) (1024K)]
  0x00000246f67dcb70 JavaThread "ForkJoinPool.commonPool-worker-10" daemon [_thread_blocked, id=20436, stack(0x000000523ce00000,0x000000523cf00000) (1024K)]
  0x00000246f933cf30 JavaThread "ForkJoinPool.commonPool-worker-12" daemon [_thread_blocked, id=11772, stack(0x0000005238e00000,0x0000005238f00000) (1024K)]
  0x00000246f933f000 JavaThread "ForkJoinPool.commonPool-worker-13" daemon [_thread_blocked, id=27852, stack(0x0000005239400000,0x0000005239500000) (1024K)]
  0x00000246f933dc50 JavaThread "ForkJoinPool.commonPool-worker-14" daemon [_thread_blocked, id=21208, stack(0x000000523d000000,0x000000523d100000) (1024K)]
  0x00000246f7561aa0 JavaThread "Cleaner-0"                  daemon [_thread_blocked, id=24652, stack(0x000000523f600000,0x000000523f700000) (1024K)]
  0x00000246f755f9d0 JavaThread "Worker-5"                          [_thread_blocked, id=35264, stack(0x0000005236b00000,0x0000005236c00000) (1024K)]
  0x00000246f7562130 JavaThread "Worker-6"                          [_thread_blocked, id=18140, stack(0x0000005238c00000,0x0000005238d00000) (1024K)]
  0x00000246f755f340 JavaThread "Compiler Source File Reader" daemon [_thread_blocked, id=13060, stack(0x000000523d100000,0x000000523d200000) (1024K)]
  0x00000246f7564200 JavaThread "PatternSearchJob-worker-32" daemon [_thread_blocked, id=29164, stack(0x000000523fa00000,0x000000523fb00000) (1024K)]
  0x00000246f7564890 JavaThread "Compiler Source File Reader" daemon [_thread_blocked, id=19352, stack(0x0000005237800000,0x0000005237900000) (1024K)]
  0x00000246f75655b0 JavaThread "Compiler Source File Reader" daemon [_thread_blocked, id=37468, stack(0x000000523f000000,0x000000523f100000) (1024K)]
  0x00000246f7565c40 JavaThread "Compiler Source File Reader" daemon [_thread_blocked, id=25984, stack(0x000000523f100000,0x000000523f200000) (1024K)]
  0x00000246f75662d0 JavaThread "Compiler Source File Reader" daemon [_thread_blocked, id=14444, stack(0x000000523f200000,0x000000523f300000) (1024K)]
  0x00000246f75634e0 JavaThread "Compiler Source File Reader" daemon [_thread_blocked, id=17804, stack(0x000000523f400000,0x000000523f500000) (1024K)]
  0x00000246f67dd200 JavaThread "Compiler Source File Reader" daemon [_thread_blocked, id=7912, stack(0x000000523f700000,0x000000523f800000) (1024K)]
  0x00000246f49799e0 JavaThread "Compiler Source File Reader" daemon [_thread_blocked, id=22424, stack(0x000000523f800000,0x000000523f900000) (1024K)]
  0x00000246f497ad90 JavaThread "Compiler Source File Reader" daemon [_thread_blocked, id=11216, stack(0x000000523f900000,0x000000523fa00000) (1024K)]
  0x00000246f4979350 JavaThread "Compiler Source File Reader" daemon [_thread_blocked, id=37656, stack(0x000000523fb00000,0x000000523fc00000) (1024K)]
  0x00000246f497bab0 JavaThread "Compiler Source File Reader" daemon [_thread_blocked, id=1984, stack(0x000000523fc00000,0x000000523fd00000) (1024K)]
  0x00000246f497c140 JavaThread "Compiler Source File Reader" daemon [_thread_blocked, id=19864, stack(0x000000523fe00000,0x000000523ff00000) (1024K)]
  0x00000246f497ce60 JavaThread "Compiler Source File Reader" daemon [_thread_blocked, id=37292, stack(0x000000523ff00000,0x0000005240000000) (1024K)]
  0x00000246f497a070 JavaThread "Compiler Source File Reader" daemon [_thread_blocked, id=30064, stack(0x0000005240000000,0x0000005240100000) (1024K)]
  0x00000246f4980970 JavaThread "Compiler Source File Reader" daemon [_thread_blocked, id=33872, stack(0x0000005236900000,0x0000005236a00000) (1024K)]
  0x00000246f7562e50 JavaThread "Worker-9"                          [_thread_blocked, id=29184, stack(0x0000005236a00000,0x0000005236b00000) (1024K)]
  0x00000246f7560d80 JavaThread "Worker-10"                         [_thread_blocked, id=31440, stack(0x0000005239600000,0x0000005239700000) (1024K)]
  0x00000246f497ef30 JavaThread "Compiler Processing Task"   daemon [_thread_blocked, id=19516, stack(0x000000523cf00000,0x000000523d000000) (1024K)]
  0x00000246f4602620 JavaThread "Worker-11"                         [_thread_blocked, id=21748, stack(0x000000523ec00000,0x000000523ed00000) (1024K)]
Total: 120

Other Threads:
  0x00000246d44a2aa0 VMThread "VM Thread"                           [id=31140, stack(0x0000005236f00000,0x0000005237000000) (1024K)]
  0x00000246d439ca00 WatcherThread "VM Periodic Task Thread"        [id=28616, stack(0x0000005236e00000,0x0000005236f00000) (1024K)]
  0x00000246d4536610 WorkerThread "GC Thread#0"                     [id=23404, stack(0x0000005236d00000,0x0000005236e00000) (1024K)]
  0x00000246f4670930 WorkerThread "GC Thread#1"                     [id=33696, stack(0x0000005238100000,0x0000005238200000) (1024K)]
  0x00000246f4670ce0 WorkerThread "GC Thread#2"                     [id=25732, stack(0x0000005238200000,0x0000005238300000) (1024K)]
  0x00000246f4671440 WorkerThread "GC Thread#3"                     [id=16916, stack(0x0000005238300000,0x0000005238400000) (1024K)]
  0x00000246f4671090 WorkerThread "GC Thread#4"                     [id=24268, stack(0x0000005238400000,0x0000005238500000) (1024K)]
  0x00000246f46717f0 WorkerThread "GC Thread#5"                     [id=15228, stack(0x0000005238500000,0x0000005238600000) (1024K)]
  0x00000246f46701d0 WorkerThread "GC Thread#6"                     [id=37828, stack(0x0000005238600000,0x0000005238700000) (1024K)]
  0x00000246f4aecdb0 WorkerThread "GC Thread#7"                     [id=27932, stack(0x0000005238900000,0x0000005238a00000) (1024K)]
  0x00000246f4aed8c0 WorkerThread "GC Thread#8"                     [id=2604, stack(0x0000005237900000,0x0000005237a00000) (1024K)]
  0x00000246f4aec2a0 WorkerThread "GC Thread#9"                     [id=23492, stack(0x0000005237b00000,0x0000005237c00000) (1024K)]
  0x00000246f4aeca00 WorkerThread "GC Thread#10"                    [id=33936, stack(0x0000005238000000,0x0000005238100000) (1024K)]
  0x00000246f4aed510 WorkerThread "GC Thread#11"                    [id=21368, stack(0x0000005239000000,0x0000005239100000) (1024K)]
  0x00000246f4aebef0 WorkerThread "GC Thread#12"                    [id=30684, stack(0x0000005239100000,0x0000005239200000) (1024K)]
  0x00000246f4aec650 WorkerThread "GC Thread#13"                    [id=20360, stack(0x0000005239200000,0x0000005239300000) (1024K)]
  0x00000246f643a620 WorkerThread "GC Thread#14"                    [id=39660, stack(0x0000005239500000,0x0000005239600000) (1024K)]
  0x00000246f643b130 WorkerThread "GC Thread#15"                    [id=33196, stack(0x0000005239800000,0x0000005239900000) (1024K)]
  0x00000246f643ad80 WorkerThread "GC Thread#16"                    [id=13568, stack(0x0000005239900000,0x0000005239a00000) (1024K)]
  0x00000246f643b4e0 WorkerThread "GC Thread#17"                    [id=26496, stack(0x0000005239a00000,0x0000005239b00000) (1024K)]
  0x00000246f643b890 WorkerThread "GC Thread#18"                    [id=6092, stack(0x0000005239b00000,0x0000005239c00000) (1024K)]
  0x00000246f6439ec0 WorkerThread "GC Thread#19"                    [id=24208, stack(0x0000005239c00000,0x0000005239d00000) (1024K)]
  0x00000246f643a270 WorkerThread "GC Thread#20"                    [id=31232, stack(0x000000523a300000,0x000000523a400000) (1024K)]
  0x00000246f726a5a0 WorkerThread "GC Thread#21"                    [id=32268, stack(0x000000523a400000,0x000000523a500000) (1024K)]
  0x00000246f726a950 WorkerThread "GC Thread#22"                    [id=9728, stack(0x000000523a500000,0x000000523a600000) (1024K)]
Total: 25

Threads with active compile tasks:
C2 CompilerThread0  993961 20257   !   4       org.eclipse.jdt.internal.compiler.lookup.Scope::getBinding (1577 bytes)
Total: 1

VM state: not at safepoint (normal execution)

VM Mutex/Monitor currently owned by a thread: None

Heap address: 0x0000000080000000, size: 2048 MB, Compressed Oops mode: 32-bit

CDS archive(s) mapped at: [0x0000024680000000-0x0000024680ba0000-0x0000024684900000), size 76546048, SharedBaseAddress: 0x0000024680000000, ArchiveRelocationMode: 1.
Compressed class space mapped at: 0x0000024685000000-0x00000246c5000000, reserved size: 1073741824
Narrow klass base: 0x0000024680000000, Narrow klass shift: 0, Narrow klass range: 0x100000000

GC Precious Log:
 CardTable entry size: 512
 CPUs: 32 total, 32 available
 Memory: 15999M
 Large Page Support: Disabled
 NUMA Support: Disabled
 Compressed Oops: Enabled (32-bit)
 Alignments: Space 512K, Generation 512K, Heap 2M
 Heap Min Capacity: 100M
 Heap Initial Capacity: 100M
 Heap Max Capacity: 2G
 Pre-touch: Disabled
 Parallel Workers: 23

Heap:
 PSYoungGen      total 9216K, used 5314K [0x00000000d5580000, 0x00000000d6100000, 0x0000000100000000)
  eden space 7680K, 54% used [0x00000000d5580000,0x00000000d5996050,0x00000000d5d00000)
  from space 1536K, 73% used [0x00000000d5f00000,0x00000000d601a910,0x00000000d6080000)
  to   space 512K, 0% used [0x00000000d6080000,0x00000000d6080000,0x00000000d6100000)
 ParOldGen       total 698880K, used 697725K [0x0000000080000000, 0x00000000aaa80000, 0x00000000d5580000)
  object space 698880K, 99% used [0x0000000080000000,0x00000000aa95f6a8,0x00000000aaa80000)
 Metaspace       used 38405K, committed 39936K, reserved 1114112K
  class space    used 3287K, committed 3904K, reserved 1048576K

Card table byte_map: [0x00000246d3eb0000,0x00000246d42c0000] _byte_map_base: 0x00000246d3ab0000

Marking Bits: (ParMarkBitMap*) 0x00007ffc59a64460
 Begin Bits: [0x00000246e69c0000, 0x00000246e89c0000)
 End Bits:   [0x00000246e89c0000, 0x00000246ea9c0000)

Polling page: 0x00000246d1fa0000

Metaspace:

Usage:
  Non-class:     34.29 MB used.
      Class:      3.21 MB used.
       Both:     37.50 MB used.

Virtual space:
  Non-class space:       64.00 MB reserved,      35.19 MB ( 55%) committed,  1 nodes.
      Class space:        1.00 GB reserved,       3.81 MB ( <1%) committed,  1 nodes.
             Both:        1.06 GB reserved,      39.00 MB (  4%) committed. 

Chunk freelists:
   Non-Class:  12.61 MB
       Class:  12.16 MB
        Both:  24.77 MB

MaxMetaspaceSize: unlimited
CompressedClassSpaceSize: 1.00 GB
Initial GC threshold: 21.00 MB
Current GC threshold: 64.50 MB
CDS: on
 - commit_granule_bytes: 65536.
 - commit_granule_words: 8192.
 - virtual_space_node_default_size: 8388608.
 - enlarge_chunks_in_place: 1.
 - use_allocation_guard: 0.


Internal statistics:

num_allocs_failed_limit: 6.
num_arena_births: 1378.
num_arena_deaths: 0.
num_vsnodes_births: 2.
num_vsnodes_deaths: 0.
num_space_committed: 624.
num_space_uncommitted: 0.
num_chunks_returned_to_freelist: 6.
num_chunks_taken_from_freelist: 3706.
num_chunk_merges: 6.
num_chunk_splits: 2145.
num_chunks_enlarged: 998.
num_inconsistent_stats: 0.

CodeHeap 'non-profiled nmethods': size=118848Kb used=19187Kb max_used=20994Kb free=99660Kb
 bounds [0x00000246df300000, 0x00000246e0790000, 0x00000246e6710000]
CodeHeap 'profiled nmethods': size=118848Kb used=40136Kb max_used=44897Kb free=78711Kb
 bounds [0x00000246d7710000, 0x00000246da2f0000, 0x00000246deb20000]
CodeHeap 'non-nmethods': size=8064Kb used=1499Kb max_used=3836Kb free=6564Kb
 bounds [0x00000246deb20000, 0x00000246def20000, 0x00000246df300000]
CodeCache: size=245760Kb, used=60822Kb, max_used=69727Kb, free=184935Kb
 total_blobs=17963, nmethods=17141, adapters=723, full_count=0
Compilation: enabled, stopped_count=0, restarted_count=0

Compilation events (20 events):
Event: 993.781 Thread 0x00000246ec415490 nmethod 20250 0x00000246d861cd10 code [0x00000246d861cec0, 0x00000246d861d0e8]
Event: 993.781 Thread 0x00000246ec415490 20251       3       org.eclipse.lsp4j.jsonrpc.CompletableFutures$FutureCancelChecker::<init> (10 bytes)
Event: 993.781 Thread 0x00000246ec415490 nmethod 20251 0x00000246d8abb490 code [0x00000246d8abb640, 0x00000246d8abb7c8]
Event: 993.781 Thread 0x00000246ec415490 20252       3       java.net.URI$Parser::scanEscape (115 bytes)
Event: 993.781 Thread 0x00000246ec415490 nmethod 20252 0x00000246d8e18b90 code [0x00000246d8e18ea0, 0x00000246d8e19fb0]
Event: 993.906 Thread 0x00000246ec415490 20253   !   3       org.eclipse.jdt.internal.compiler.lookup.InferenceContext18::solve (189 bytes)
Event: 993.906 Thread 0x00000246ec415490 nmethod 20253 0x00000246d92d5c90 code [0x00000246d92d5f60, 0x00000246d92d6a90]
Event: 993.907 Thread 0x00000246d44bc5d0 20254 %     4       org.eclipse.jdt.internal.compiler.util.HashtableOfObjectToInt::rehash @ 23 (78 bytes)
Event: 993.908 Thread 0x00000246ec415490 20255   !   3       org.eclipse.jdt.internal.core.JavaModelManager::cacheZipFiles (41 bytes)
Event: 993.909 Thread 0x00000246ec415490 nmethod 20255 0x00000246d8365710 code [0x00000246d8365920, 0x00000246d8365e30]
Event: 993.909 Thread 0x00000246ec415490 20258       3       org.eclipse.jdt.internal.compiler.codegen.CodeStream::store (442 bytes)
Event: 993.909 Thread 0x00000246ec415490 nmethod 20258 0x00000246d8539610 code [0x00000246d8539ac0, 0x00000246d853bc20]
Event: 993.910 Thread 0x00000246d44bc5d0 nmethod 20254% 0x00000246dfc6b510 code [0x00000246dfc6b720, 0x00000246dfc6be10]
Event: 993.910 Thread 0x00000246d44bc5d0 20257   !   4       org.eclipse.jdt.internal.compiler.lookup.Scope::getBinding (1577 bytes)
Event: 993.910 Thread 0x00000246ec415490 20259       3       sun.util.calendar.CalendarDate::setYear (20 bytes)
Event: 993.910 Thread 0x00000246ec415490 nmethod 20259 0x00000246d7dd1a90 code [0x00000246d7dd1c20, 0x00000246d7dd1d68]
Event: 993.910 Thread 0x00000246ec415490 20260       3       sun.util.calendar.CalendarDate::setMonth (20 bytes)
Event: 993.911 Thread 0x00000246ec415490 nmethod 20260 0x00000246d7e5ac10 code [0x00000246d7e5ada0, 0x00000246d7e5aee8]
Event: 993.911 Thread 0x00000246ec415490 20261       3       sun.util.calendar.CalendarDate::setDayOfMonth (20 bytes)
Event: 993.911 Thread 0x00000246ec415490 nmethod 20261 0x00000246d7fee910 code [0x00000246d7feeaa0, 0x00000246d7feebe8]

GC Heap History (20 events):
Event: 986.356 GC heap before
{Heap before GC invocations=1118 (full 3):
 PSYoungGen      total 4096K, used 4082K [0x00000000d5580000, 0x00000000d5e00000, 0x0000000100000000)
  eden space 2560K, 100% used [0x00000000d5580000,0x00000000d5800000,0x00000000d5800000)
  from space 1536K, 99% used [0x00000000d5c00000,0x00000000d5d7c800,0x00000000d5d80000)
  to   space 512K, 0% used [0x00000000d5d80000,0x00000000d5d80000,0x00000000d5e00000)
 ParOldGen       total 584704K, used 584323K [0x0000000080000000, 0x00000000a3b00000, 0x00000000d5580000)
  object space 584704K, 99% used [0x0000000080000000,0x00000000a3aa0d40,0x00000000a3b00000)
 Metaspace       used 38349K, committed 39872K, reserved 1114112K
  class space    used 3287K, committed 3904K, reserved 1048576K
}
Event: 986.360 GC heap after
{Heap after GC invocations=1118 (full 3):
 PSYoungGen      total 3584K, used 512K [0x00000000d5580000, 0x00000000d6280000, 0x0000000100000000)
  eden space 3072K, 0% used [0x00000000d5580000,0x00000000d5580000,0x00000000d5880000)
  from space 512K, 100% used [0x00000000d5d80000,0x00000000d5e00000,0x00000000d5e00000)
  to   space 5120K, 0% used [0x00000000d5880000,0x00000000d5880000,0x00000000d5d80000)
 ParOldGen       total 588800K, used 588337K [0x0000000080000000, 0x00000000a3f00000, 0x00000000d5580000)
  object space 588800K, 99% used [0x0000000080000000,0x00000000a3e8c540,0x00000000a3f00000)
 Metaspace       used 38349K, committed 39872K, reserved 1114112K
  class space    used 3287K, committed 3904K, reserved 1048576K
}
Event: 986.387 GC heap before
{Heap before GC invocations=1119 (full 3):
 PSYoungGen      total 3584K, used 3584K [0x00000000d5580000, 0x00000000d6280000, 0x0000000100000000)
  eden space 3072K, 100% used [0x00000000d5580000,0x00000000d5880000,0x00000000d5880000)
  from space 512K, 100% used [0x00000000d5d80000,0x00000000d5e00000,0x00000000d5e00000)
  to   space 5120K, 0% used [0x00000000d5880000,0x00000000d5880000,0x00000000d5d80000)
 ParOldGen       total 588800K, used 588337K [0x0000000080000000, 0x00000000a3f00000, 0x00000000d5580000)
  object space 588800K, 99% used [0x0000000080000000,0x00000000a3e8c540,0x00000000a3f00000)
 Metaspace       used 38350K, committed 39872K, reserved 1114112K
  class space    used 3287K, committed 3904K, reserved 1048576K
}
Event: 986.388 GC heap after
{Heap after GC invocations=1119 (full 3):
 PSYoungGen      total 4096K, used 720K [0x00000000d5580000, 0x00000000d5e80000, 0x0000000100000000)
  eden space 3072K, 0% used [0x00000000d5580000,0x00000000d5580000,0x00000000d5880000)
  from space 1024K, 70% used [0x00000000d5880000,0x00000000d5934050,0x00000000d5980000)
  to   space 2560K, 0% used [0x00000000d5c00000,0x00000000d5c00000,0x00000000d5e80000)
 ParOldGen       total 588800K, used 588553K [0x0000000080000000, 0x00000000a3f00000, 0x00000000d5580000)
  object space 588800K, 99% used [0x0000000080000000,0x00000000a3ec2540,0x00000000a3f00000)
 Metaspace       used 38350K, committed 39872K, reserved 1114112K
  class space    used 3287K, committed 3904K, reserved 1048576K
}
Event: 986.393 GC heap before
{Heap before GC invocations=1120 (full 3):
 PSYoungGen      total 4096K, used 3632K [0x00000000d5580000, 0x00000000d5e80000, 0x0000000100000000)
  eden space 3072K, 94% used [0x00000000d5580000,0x00000000d5858198,0x00000000d5880000)
  from space 1024K, 70% used [0x00000000d5880000,0x00000000d5934050,0x00000000d5980000)
  to   space 2560K, 0% used [0x00000000d5c00000,0x00000000d5c00000,0x00000000d5e80000)
 ParOldGen       total 588800K, used 588553K [0x0000000080000000, 0x00000000a3f00000, 0x00000000d5580000)
  object space 588800K, 99% used [0x0000000080000000,0x00000000a3ec2540,0x00000000a3f00000)
 Metaspace       used 38350K, committed 39872K, reserved 1114112K
  class space    used 3287K, committed 3904K, reserved 1048576K
}
Event: 986.395 GC heap after
{Heap after GC invocations=1120 (full 3):
 PSYoungGen      total 6144K, used 1797K [0x00000000d5580000, 0x00000000d5e00000, 0x0000000100000000)
  eden space 4096K, 0% used [0x00000000d5580000,0x00000000d5580000,0x00000000d5980000)
  from space 2048K, 87% used [0x00000000d5c00000,0x00000000d5dc16d8,0x00000000d5e00000)
  to   space 2048K, 0% used [0x00000000d5a00000,0x00000000d5a00000,0x00000000d5c00000)
 ParOldGen       total 589312K, used 588961K [0x0000000080000000, 0x00000000a3f80000, 0x00000000d5580000)
  object space 589312K, 99% used [0x0000000080000000,0x00000000a3f285c0,0x00000000a3f80000)
 Metaspace       used 38350K, committed 39872K, reserved 1114112K
  class space    used 3287K, committed 3904K, reserved 1048576K
}
Event: 986.399 GC heap before
{Heap before GC invocations=1121 (full 3):
 PSYoungGen      total 6144K, used 5893K [0x00000000d5580000, 0x00000000d5e00000, 0x0000000100000000)
  eden space 4096K, 100% used [0x00000000d5580000,0x00000000d5980000,0x00000000d5980000)
  from space 2048K, 87% used [0x00000000d5c00000,0x00000000d5dc16d8,0x00000000d5e00000)
  to   space 2048K, 0% used [0x00000000d5a00000,0x00000000d5a00000,0x00000000d5c00000)
 ParOldGen       total 589312K, used 588961K [0x0000000080000000, 0x00000000a3f80000, 0x00000000d5580000)
  object space 589312K, 99% used [0x0000000080000000,0x00000000a3f285c0,0x00000000a3f80000)
 Metaspace       used 38350K, committed 39872K, reserved 1114112K
  class space    used 3287K, committed 3904K, reserved 1048576K
}
Event: 986.402 GC heap after
{Heap after GC invocations=1121 (full 3):
 PSYoungGen      total 6656K, used 2038K [0x00000000d5580000, 0x00000000d6780000, 0x0000000100000000)
  eden space 4608K, 0% used [0x00000000d5580000,0x00000000d5580000,0x00000000d5a00000)
  from space 2048K, 99% used [0x00000000d5a00000,0x00000000d5bfd9b0,0x00000000d5c00000)
  to   space 6656K, 0% used [0x00000000d6100000,0x00000000d6100000,0x00000000d6780000)
 ParOldGen       total 592896K, used 592476K [0x0000000080000000, 0x00000000a4300000, 0x00000000d5580000)
  object space 592896K, 99% used [0x0000000080000000,0x00000000a4297030,0x00000000a4300000)
 Metaspace       used 38350K, committed 39872K, reserved 1114112K
  class space    used 3287K, committed 3904K, reserved 1048576K
}
Event: 986.406 GC heap before
{Heap before GC invocations=1122 (full 3):
 PSYoungGen      total 6656K, used 6646K [0x00000000d5580000, 0x00000000d6780000, 0x0000000100000000)
  eden space 4608K, 100% used [0x00000000d5580000,0x00000000d5a00000,0x00000000d5a00000)
  from space 2048K, 99% used [0x00000000d5a00000,0x00000000d5bfd9b0,0x00000000d5c00000)
  to   space 6656K, 0% used [0x00000000d6100000,0x00000000d6100000,0x00000000d6780000)
 ParOldGen       total 592896K, used 592476K [0x0000000080000000, 0x00000000a4300000, 0x00000000d5580000)
  object space 592896K, 99% used [0x0000000080000000,0x00000000a4297030,0x00000000a4300000)
 Metaspace       used 38350K, committed 39872K, reserved 1114112K
  class space    used 3287K, committed 3904K, reserved 1048576K
}
Event: 986.409 GC heap after
{Heap after GC invocations=1122 (full 3):
 PSYoungGen      total 10240K, used 4130K [0x00000000d5580000, 0x00000000d6580000, 0x0000000100000000)
  eden space 5632K, 0% used [0x00000000d5580000,0x00000000d5580000,0x00000000d5b00000)
  from space 4608K, 89% used [0x00000000d6100000,0x00000000d65089d0,0x00000000d6580000)
  to   space 5120K, 0% used [0x00000000d5b80000,0x00000000d5b80000,0x00000000d6080000)
 ParOldGen       total 594944K, used 594566K [0x0000000080000000, 0x00000000a4500000, 0x00000000d5580000)
  object space 594944K, 99% used [0x0000000080000000,0x00000000a44a1a58,0x00000000a4500000)
 Metaspace       used 38350K, committed 39872K, reserved 1114112K
  class space    used 3287K, committed 3904K, reserved 1048576K
}
Event: 986.419 GC heap before
{Heap before GC invocations=1123 (full 3):
 PSYoungGen      total 10240K, used 9756K [0x00000000d5580000, 0x00000000d6580000, 0x0000000100000000)
  eden space 5632K, 99% used [0x00000000d5580000,0x00000000d5afe8d8,0x00000000d5b00000)
  from space 4608K, 89% used [0x00000000d6100000,0x00000000d65089d0,0x00000000d6580000)
  to   space 5120K, 0% used [0x00000000d5b80000,0x00000000d5b80000,0x00000000d6080000)
 ParOldGen       total 594944K, used 594566K [0x0000000080000000, 0x00000000a4500000, 0x00000000d5580000)
  object space 594944K, 99% used [0x0000000080000000,0x00000000a44a1a58,0x00000000a4500000)
 Metaspace       used 38350K, committed 39872K, reserved 1114112K
  class space    used 3287K, committed 3904K, reserved 1048576K
}
Event: 986.423 GC heap after
{Heap after GC invocations=1123 (full 3):
 PSYoungGen      total 11264K, used 3424K [0x00000000d5580000, 0x00000000d6480000, 0x0000000100000000)
  eden space 6144K, 0% used [0x00000000d5580000,0x00000000d5580000,0x00000000d5b80000)
  from space 5120K, 66% used [0x00000000d5b80000,0x00000000d5ed8000,0x00000000d6080000)
  to   space 4096K, 0% used [0x00000000d6080000,0x00000000d6080000,0x00000000d6480000)
 ParOldGen       total 598528K, used 598507K [0x0000000080000000, 0x00000000a4880000, 0x00000000d5580000)
  object space 598528K, 99% used [0x0000000080000000,0x00000000a487aca8,0x00000000a4880000)
 Metaspace       used 38350K, committed 39872K, reserved 1114112K
  class space    used 3287K, committed 3904K, reserved 1048576K
}
Event: 986.438 GC heap before
{Heap before GC invocations=1124 (full 3):
 PSYoungGen      total 11264K, used 9568K [0x00000000d5580000, 0x00000000d6480000, 0x0000000100000000)
  eden space 6144K, 100% used [0x00000000d5580000,0x00000000d5b80000,0x00000000d5b80000)
  from space 5120K, 66% used [0x00000000d5b80000,0x00000000d5ed8000,0x00000000d6080000)
  to   space 4096K, 0% used [0x00000000d6080000,0x00000000d6080000,0x00000000d6480000)
 ParOldGen       total 598528K, used 598507K [0x0000000080000000, 0x00000000a4880000, 0x00000000d5580000)
  object space 598528K, 99% used [0x0000000080000000,0x00000000a487aca8,0x00000000a4880000)
 Metaspace       used 38354K, committed 39872K, reserved 1114112K
  class space    used 3287K, committed 3904K, reserved 1048576K
}
Event: 986.441 GC heap after
{Heap after GC invocations=1124 (full 3):
 PSYoungGen      total 11264K, used 2848K [0x00000000d5580000, 0x00000000d6400000, 0x0000000100000000)
  eden space 7680K, 0% used [0x00000000d5580000,0x00000000d5580000,0x00000000d5d00000)
  from space 3584K, 79% used [0x00000000d6080000,0x00000000d6348020,0x00000000d6400000)
  to   space 3584K, 0% used [0x00000000d5d00000,0x00000000d5d00000,0x00000000d6080000)
 ParOldGen       total 601600K, used 601459K [0x0000000080000000, 0x00000000a4b80000, 0x00000000d5580000)
  object space 601600K, 99% used [0x0000000080000000,0x00000000a4b5cca8,0x00000000a4b80000)
 Metaspace       used 38354K, committed 39872K, reserved 1114112K
  class space    used 3287K, committed 3904K, reserved 1048576K
}
Event: 986.484 GC heap before
{Heap before GC invocations=1125 (full 3):
 PSYoungGen      total 11264K, used 10528K [0x00000000d5580000, 0x00000000d6400000, 0x0000000100000000)
  eden space 7680K, 100% used [0x00000000d5580000,0x00000000d5d00000,0x00000000d5d00000)
  from space 3584K, 79% used [0x00000000d6080000,0x00000000d6348020,0x00000000d6400000)
  to   space 3584K, 0% used [0x00000000d5d00000,0x00000000d5d00000,0x00000000d6080000)
 ParOldGen       total 601600K, used 601459K [0x0000000080000000, 0x00000000a4b80000, 0x00000000d5580000)
  object space 601600K, 99% used [0x0000000080000000,0x00000000a4b5cca8,0x00000000a4b80000)
 Metaspace       used 38357K, committed 39872K, reserved 1114112K
  class space    used 3287K, committed 3904K, reserved 1048576K
}
Event: 986.488 GC heap after
{Heap after GC invocations=1125 (full 3):
 PSYoungGen      total 11264K, used 1440K [0x00000000d5580000, 0x00000000d6280000, 0x0000000100000000)
  eden space 7680K, 0% used [0x00000000d5580000,0x00000000d5580000,0x00000000d5d00000)
  from space 3584K, 40% used [0x00000000d5d00000,0x00000000d5e68000,0x00000000d6080000)
  to   space 2048K, 0% used [0x00000000d6080000,0x00000000d6080000,0x00000000d6280000)
 ParOldGen       total 603648K, used 603619K [0x0000000080000000, 0x00000000a4d80000, 0x00000000d5580000)
  object space 603648K, 99% used [0x0000000080000000,0x00000000a4d78cc8,0x00000000a4d80000)
 Metaspace       used 38357K, committed 39872K, reserved 1114112K
  class space    used 3287K, committed 3904K, reserved 1048576K
}
Event: 986.569 GC heap before
{Heap before GC invocations=1126 (full 3):
 PSYoungGen      total 11264K, used 9120K [0x00000000d5580000, 0x00000000d6280000, 0x0000000100000000)
  eden space 7680K, 100% used [0x00000000d5580000,0x00000000d5d00000,0x00000000d5d00000)
  from space 3584K, 40% used [0x00000000d5d00000,0x00000000d5e68000,0x00000000d6080000)
  to   space 2048K, 0% used [0x00000000d6080000,0x00000000d6080000,0x00000000d6280000)
 ParOldGen       total 698880K, used 695779K [0x0000000080000000, 0x00000000aaa80000, 0x00000000d5580000)
  object space 698880K, 99% used [0x0000000080000000,0x00000000aa778d58,0x00000000aaa80000)
 Metaspace       used 38373K, committed 39872K, reserved 1114112K
  class space    used 3287K, committed 3904K, reserved 1048576K
}
Event: 986.571 GC heap after
{Heap after GC invocations=1126 (full 3):
 PSYoungGen      total 9216K, used 1216K [0x00000000d5580000, 0x00000000d6200000, 0x0000000100000000)
  eden space 7680K, 0% used [0x00000000d5580000,0x00000000d5580000,0x00000000d5d00000)
  from space 1536K, 79% used [0x00000000d6080000,0x00000000d61b0000,0x00000000d6200000)
  to   space 1536K, 0% used [0x00000000d5f00000,0x00000000d5f00000,0x00000000d6080000)
 ParOldGen       total 698880K, used 696848K [0x0000000080000000, 0x00000000aaa80000, 0x00000000d5580000)
  object space 698880K, 99% used [0x0000000080000000,0x00000000aa8842c0,0x00000000aaa80000)
 Metaspace       used 38373K, committed 39872K, reserved 1114112K
  class space    used 3287K, committed 3904K, reserved 1048576K
}
Event: 993.630 GC heap before
{Heap before GC invocations=1127 (full 3):
 PSYoungGen      total 9216K, used 8896K [0x00000000d5580000, 0x00000000d6200000, 0x0000000100000000)
  eden space 7680K, 100% used [0x00000000d5580000,0x00000000d5d00000,0x00000000d5d00000)
  from space 1536K, 79% used [0x00000000d6080000,0x00000000d61b0000,0x00000000d6200000)
  to   space 1536K, 0% used [0x00000000d5f00000,0x00000000d5f00000,0x00000000d6080000)
 ParOldGen       total 698880K, used 696848K [0x0000000080000000, 0x00000000aaa80000, 0x00000000d5580000)
  object space 698880K, 99% used [0x0000000080000000,0x00000000aa8842c0,0x00000000aaa80000)
 Metaspace       used 38385K, committed 39872K, reserved 1114112K
  class space    used 3287K, committed 3904K, reserved 1048576K
}
Event: 993.631 GC heap after
{Heap after GC invocations=1127 (full 3):
 PSYoungGen      total 9216K, used 1130K [0x00000000d5580000, 0x00000000d6100000, 0x0000000100000000)
  eden space 7680K, 0% used [0x00000000d5580000,0x00000000d5580000,0x00000000d5d00000)
  from space 1536K, 73% used [0x00000000d5f00000,0x00000000d601a910,0x00000000d6080000)
  to   space 512K, 0% used [0x00000000d6080000,0x00000000d6080000,0x00000000d6100000)
 ParOldGen       total 698880K, used 697725K [0x0000000080000000, 0x00000000aaa80000, 0x00000000d5580000)
  object space 698880K, 99% used [0x0000000080000000,0x00000000aa95f6a8,0x00000000aaa80000)
 Metaspace       used 38385K, committed 39872K, reserved 1114112K
  class space    used 3287K, committed 3904K, reserved 1048576K
}

Dll operation events (11 events):
Event: 0.022 Loaded shared library c:\Users\alfon\.vscode\extensions\redhat.java-1.56.2026063009-win32-x64\jre\21.0.11-win32-x86_64\bin\java.dll
Event: 0.159 Loaded shared library c:\Users\alfon\.vscode\extensions\redhat.java-1.56.2026063009-win32-x64\jre\21.0.11-win32-x86_64\bin\zip.dll
Event: 0.170 Loaded shared library C:\Users\alfon\.vscode\extensions\redhat.java-1.56.2026063009-win32-x64\jre\21.0.11-win32-x86_64\bin\instrument.dll
Event: 0.173 Loaded shared library C:\Users\alfon\.vscode\extensions\redhat.java-1.56.2026063009-win32-x64\jre\21.0.11-win32-x86_64\bin\net.dll
Event: 0.175 Loaded shared library C:\Users\alfon\.vscode\extensions\redhat.java-1.56.2026063009-win32-x64\jre\21.0.11-win32-x86_64\bin\nio.dll
Event: 0.176 Loaded shared library C:\Users\alfon\.vscode\extensions\redhat.java-1.56.2026063009-win32-x64\jre\21.0.11-win32-x86_64\bin\zip.dll
Event: 0.187 Loaded shared library C:\Users\alfon\.vscode\extensions\redhat.java-1.56.2026063009-win32-x64\jre\21.0.11-win32-x86_64\bin\jimage.dll
Event: 0.226 Loaded shared library c:\Users\alfon\.vscode\extensions\redhat.java-1.56.2026063009-win32-x64\jre\21.0.11-win32-x86_64\bin\verify.dll
Event: 6.943 Loaded shared library C:\Users\alfon\AppData\Roaming\Code\User\globalStorage\redhat.java\1.56.2026063009\config_win\org.eclipse.equinox.launcher\org.eclipse.equinox.launcher.win32.win32.x86_64_1.3.100.v20260613-0559\eclipse_11924.dll
Event: 21.823 Loaded shared library C:\Users\alfon\AppData\Local\Temp\jna-92900538\jna16079840812382141431.dll
Event: 76.085 Loaded shared library C:\Users\alfon\.vscode\extensions\redhat.java-1.56.2026063009-win32-x64\jre\21.0.11-win32-x86_64\bin\extnet.dll

Deoptimization events (20 events):
Event: 986.503 Thread 0x00000246f497ef30 Uncommon trap: trap_request=0xffffffde fr.pc=0x00000246df4858ac relative=0x000000000000024c
Event: 986.503 Thread 0x00000246f497ef30 Uncommon trap: reason=class_check action=maybe_recompile pc=0x00000246df4858ac method=org.eclipse.jdt.internal.compiler.ast.Argument.traverse(Lorg/eclipse/jdt/internal/compiler/ASTVisitor;Lorg/eclipse/jdt/internal/compiler/lookup/BlockScope;)V @ 37 c2
Event: 986.504 Thread 0x00000246f497ef30 DEOPT PACKING pc=0x00000246df4858ac sp=0x000000523cffe680
Event: 986.504 Thread 0x00000246f497ef30 DEOPT UNPACKING pc=0x00000246deb73aa2 sp=0x000000523cffe620 mode 2
Event: 986.504 Thread 0x00000246f497ef30 Uncommon trap: trap_request=0xffffffde fr.pc=0x00000246df4858ac relative=0x000000000000024c
Event: 986.504 Thread 0x00000246f497ef30 Uncommon trap: reason=class_check action=maybe_recompile pc=0x00000246df4858ac method=org.eclipse.jdt.internal.compiler.ast.Argument.traverse(Lorg/eclipse/jdt/internal/compiler/ASTVisitor;Lorg/eclipse/jdt/internal/compiler/lookup/BlockScope;)V @ 37 c2
Event: 986.504 Thread 0x00000246f497ef30 DEOPT PACKING pc=0x00000246df4858ac sp=0x000000523cffe680
Event: 986.504 Thread 0x00000246f497ef30 DEOPT UNPACKING pc=0x00000246deb73aa2 sp=0x000000523cffe620 mode 2
Event: 986.527 Thread 0x00000246f497ef30 Uncommon trap: trap_request=0xffffffde fr.pc=0x00000246e03cac44 relative=0x00000000000025a4
Event: 986.527 Thread 0x00000246f497ef30 Uncommon trap: reason=class_check action=maybe_recompile pc=0x00000246e03cac44 method=org.eclipse.jdt.internal.compiler.lookup.ConstraintExpressionFormula.reduce(Lorg/eclipse/jdt/internal/compiler/lookup/InferenceContext18;)Ljava/lang/Object; @ 998 c2
Event: 986.527 Thread 0x00000246f497ef30 DEOPT PACKING pc=0x00000246e03cac44 sp=0x000000523cffd5f0
Event: 986.527 Thread 0x00000246f497ef30 DEOPT UNPACKING pc=0x00000246deb73aa2 sp=0x000000523cffd560 mode 2
Event: 986.527 Thread 0x00000246f497ef30 Uncommon trap: trap_request=0xffffffde fr.pc=0x00000246e03cac44 relative=0x00000000000025a4
Event: 986.527 Thread 0x00000246f497ef30 Uncommon trap: reason=class_check action=maybe_recompile pc=0x00000246e03cac44 method=org.eclipse.jdt.internal.compiler.lookup.ConstraintExpressionFormula.reduce(Lorg/eclipse/jdt/internal/compiler/lookup/InferenceContext18;)Ljava/lang/Object; @ 998 c2
Event: 986.527 Thread 0x00000246f497ef30 DEOPT PACKING pc=0x00000246e03cac44 sp=0x000000523cffd8e0
Event: 986.527 Thread 0x00000246f497ef30 DEOPT UNPACKING pc=0x00000246deb73aa2 sp=0x000000523cffd850 mode 2
Event: 986.539 Thread 0x00000246f755f9d0 DEOPT PACKING pc=0x00000246d87af5e9 sp=0x0000005236bfd9f0
Event: 986.539 Thread 0x00000246f755f9d0 DEOPT UNPACKING pc=0x00000246deb74242 sp=0x0000005236bfced8 mode 0
Event: 993.514 Thread 0x00000246f67dcb70 DEOPT PACKING pc=0x00000246d9e4d846 sp=0x000000523ceff530
Event: 993.514 Thread 0x00000246f67dcb70 DEOPT UNPACKING pc=0x00000246deb74242 sp=0x000000523cefea28 mode 0

Classes loaded (20 events):
Event: 714.651 Loading class jdk/internal/module/IllegalAccessLogger
Event: 714.651 Loading class jdk/internal/module/IllegalAccessLogger done
Event: 716.962 Loading class java/lang/StringUTF16$LinesSpliterator
Event: 716.962 Loading class java/lang/StringUTF16$LinesSpliterator done
Event: 717.047 Loading class jdk/internal/module/IllegalAccessLogger
Event: 717.047 Loading class jdk/internal/module/IllegalAccessLogger done
Event: 725.273 Loading class jdk/internal/module/IllegalAccessLogger
Event: 725.273 Loading class jdk/internal/module/IllegalAccessLogger done
Event: 731.101 Loading class jdk/internal/module/IllegalAccessLogger
Event: 731.101 Loading class jdk/internal/module/IllegalAccessLogger done
Event: 740.787 Loading class jdk/internal/module/IllegalAccessLogger
Event: 740.787 Loading class jdk/internal/module/IllegalAccessLogger done
Event: 747.222 Loading class jdk/internal/module/IllegalAccessLogger
Event: 747.222 Loading class jdk/internal/module/IllegalAccessLogger done
Event: 758.817 Loading class jdk/internal/module/IllegalAccessLogger
Event: 758.817 Loading class jdk/internal/module/IllegalAccessLogger done
Event: 763.017 Loading class jdk/internal/module/IllegalAccessLogger
Event: 763.017 Loading class jdk/internal/module/IllegalAccessLogger done
Event: 986.432 Loading class jdk/internal/module/IllegalAccessLogger
Event: 986.432 Loading class jdk/internal/module/IllegalAccessLogger done

Classes unloaded (0 events):
No events

Classes redefined (0 events):
No events

Internal exceptions (20 events):
Event: 758.684 Thread 0x00000246f51f27b0 Exception <a 'sun/nio/fs/WindowsException'{0x00000000d589d2f0}> (0x00000000d589d2f0) 
thrown [s\src\hotspot\share\prims\jni.cpp, line 520]
Event: 758.840 Thread 0x00000246f51f27b0 Exception <a 'sun/nio/fs/WindowsException'{0x00000000d5604960}> (0x00000000d5604960) 
thrown [s\src\hotspot\share\prims\jni.cpp, line 520]
Event: 762.908 Thread 0x00000246f51f27b0 Exception <a 'sun/nio/fs/WindowsException'{0x00000000d5660590}> (0x00000000d5660590) 
thrown [s\src\hotspot\share\prims\jni.cpp, line 520]
Event: 763.065 Thread 0x00000246f51f27b0 Exception <a 'sun/nio/fs/WindowsException'{0x00000000d5aa0b10}> (0x00000000d5aa0b10) 
thrown [s\src\hotspot\share\prims\jni.cpp, line 520]
Event: 878.332 Thread 0x00000246f67dcb70 Exception <a 'sun/nio/fs/WindowsException'{0x00000000d5a8ab00}> (0x00000000d5a8ab00) 
thrown [s\src\hotspot\share\prims\jni.cpp, line 520]
Event: 878.332 Thread 0x00000246f67dcb70 Exception <a 'sun/nio/fs/WindowsException'{0x00000000d5a8b3c8}> (0x00000000d5a8b3c8) 
thrown [s\src\hotspot\share\prims\jni.cpp, line 520]
Event: 878.332 Thread 0x00000246f67dcb70 Exception <a 'sun/nio/fs/WindowsException'{0x00000000d5a8c0e0}> (0x00000000d5a8c0e0) 
thrown [s\src\hotspot\share\prims\jni.cpp, line 520]
Event: 878.332 Thread 0x00000246f67dcb70 Exception <a 'sun/nio/fs/WindowsException'{0x00000000d5a8cc00}> (0x00000000d5a8cc00) 
thrown [s\src\hotspot\share\prims\jni.cpp, line 520]
Event: 878.332 Thread 0x00000246f67dcb70 Exception <a 'sun/nio/fs/WindowsException'{0x00000000d5a8e328}> (0x00000000d5a8e328) 
thrown [s\src\hotspot\share\prims\jni.cpp, line 520]
Event: 878.332 Thread 0x00000246f67dcb70 Exception <a 'sun/nio/fs/WindowsException'{0x00000000d5a8e940}> (0x00000000d5a8e940) 
thrown [s\src\hotspot\share\prims\jni.cpp, line 520]
Event: 878.335 Thread 0x00000246f67dcb70 Exception <a 'sun/nio/fs/WindowsException'{0x00000000d5aadcd0}> (0x00000000d5aadcd0) 
thrown [s\src\hotspot\share\prims\jni.cpp, line 520]
Event: 878.335 Thread 0x00000246f67dcb70 Exception <a 'sun/nio/fs/WindowsException'{0x00000000d5aae598}> (0x00000000d5aae598) 
thrown [s\src\hotspot\share\prims\jni.cpp, line 520]
Event: 878.443 Thread 0x00000246f497db80 Exception <a 'sun/nio/fs/WindowsException'{0x00000000d5daf820}> (0x00000000d5daf820) 
thrown [s\src\hotspot\share\prims\jni.cpp, line 520]
Event: 878.443 Thread 0x00000246f497db80 Exception <a 'sun/nio/fs/WindowsException'{0x00000000d5dafe90}> (0x00000000d5dafe90) 
thrown [s\src\hotspot\share\prims\jni.cpp, line 520]
Event: 937.851 Thread 0x00000246f7562130 Exception <a 'sun/nio/fs/WindowsException'{0x00000000d5aaed88}> (0x00000000d5aaed88) 
thrown [s\src\hotspot\share\prims\jni.cpp, line 520]
Event: 937.851 Thread 0x00000246f7562130 Exception <a 'sun/nio/fs/WindowsException'{0x00000000d5aaf650}> (0x00000000d5aaf650) 
thrown [s\src\hotspot\share\prims\jni.cpp, line 520]
Event: 937.852 Thread 0x00000246f7562130 Implicit null exception at 0x00000246dfeadd86 to 0x00000246dfeae100
Event: 937.866 Thread 0x00000246f7562130 Exception <a 'java/lang/NoSuchMethodError'{0x00000000d5b68910}: static [J.<clinit>()V> (0x00000000d5b68910) 
thrown [s\src\hotspot\share\prims\jni.cpp, line 1111]
Event: 986.284 Thread 0x00000246f51f27b0 Exception <a 'sun/nio/fs/WindowsException'{0x00000000d5cdd150}> (0x00000000d5cdd150) 
thrown [s\src\hotspot\share\prims\jni.cpp, line 520]
Event: 986.475 Thread 0x00000246f51f27b0 Exception <a 'sun/nio/fs/WindowsException'{0x00000000d5625a28}> (0x00000000d5625a28) 
thrown [s\src\hotspot\share\prims\jni.cpp, line 520]

ZGC Phase Switch (0 events):
No events

VM Operations (20 events):
Event: 986.393 Executing safepoint VM operation: ParallelGCFailedAllocation (Allocation Failure)
Event: 986.395 Executing safepoint VM operation: ParallelGCFailedAllocation (Allocation Failure) done
Event: 986.399 Executing safepoint VM operation: ParallelGCFailedAllocation (Allocation Failure)
Event: 986.402 Executing safepoint VM operation: ParallelGCFailedAllocation (Allocation Failure) done
Event: 986.406 Executing safepoint VM operation: ParallelGCFailedAllocation (Allocation Failure)
Event: 986.409 Executing safepoint VM operation: ParallelGCFailedAllocation (Allocation Failure) done
Event: 986.419 Executing safepoint VM operation: ParallelGCFailedAllocation (Allocation Failure)
Event: 986.423 Executing safepoint VM operation: ParallelGCFailedAllocation (Allocation Failure) done
Event: 986.438 Executing safepoint VM operation: ParallelGCFailedAllocation (Allocation Failure)
Event: 986.442 Executing safepoint VM operation: ParallelGCFailedAllocation (Allocation Failure) done
Event: 986.484 Executing safepoint VM operation: ParallelGCFailedAllocation (Allocation Failure)
Event: 986.488 Executing safepoint VM operation: ParallelGCFailedAllocation (Allocation Failure) done
Event: 986.568 Executing safepoint VM operation: ParallelGCFailedAllocation (Allocation Failure)
Event: 986.571 Executing safepoint VM operation: ParallelGCFailedAllocation (Allocation Failure) done
Event: 987.571 Executing safepoint VM operation: Cleanup
Event: 987.571 Executing safepoint VM operation: Cleanup done
Event: 993.606 Executing safepoint VM operation: Cleanup
Event: 993.606 Executing safepoint VM operation: Cleanup done
Event: 993.630 Executing safepoint VM operation: ParallelGCFailedAllocation (Allocation Failure)
Event: 993.631 Executing safepoint VM operation: ParallelGCFailedAllocation (Allocation Failure) done

Memory protections (0 events):
No events

Nmethod flushes (20 events):
Event: 740.824 Thread 0x00000246d44a2aa0 flushing  nmethod 0x00000246d9a79790
Event: 740.824 Thread 0x00000246d44a2aa0 flushing  nmethod 0x00000246d9a80390
Event: 740.824 Thread 0x00000246d44a2aa0 flushing  nmethod 0x00000246d9a90390
Event: 740.824 Thread 0x00000246d44a2aa0 flushing  nmethod 0x00000246d9a90c10
Event: 740.824 Thread 0x00000246d44a2aa0 flushing  nmethod 0x00000246d9a91810
Event: 740.824 Thread 0x00000246d44a2aa0 flushing  nmethod 0x00000246d9a92110
Event: 740.824 Thread 0x00000246d44a2aa0 flushing osr nmethod 0x00000246d9a92710
Event: 740.824 Thread 0x00000246d44a2aa0 flushing  nmethod 0x00000246d9a96410
Event: 740.824 Thread 0x00000246d44a2aa0 flushing osr nmethod 0x00000246d9aa1810
Event: 740.824 Thread 0x00000246d44a2aa0 flushing  nmethod 0x00000246d9aab390
Event: 740.824 Thread 0x00000246d44a2aa0 flushing  nmethod 0x00000246d9ac9190
Event: 740.824 Thread 0x00000246d44a2aa0 flushing  nmethod 0x00000246d9b36190
Event: 740.824 Thread 0x00000246d44a2aa0 flushing  nmethod 0x00000246d9b64490
Event: 740.824 Thread 0x00000246d44a2aa0 flushing  nmethod 0x00000246d9b77110
Event: 740.824 Thread 0x00000246d44a2aa0 flushing  nmethod 0x00000246d9b82a90
Event: 740.824 Thread 0x00000246d44a2aa0 flushing  nmethod 0x00000246d9bab510
Event: 740.824 Thread 0x00000246d44a2aa0 flushing  nmethod 0x00000246d9c67810
Event: 740.824 Thread 0x00000246d44a2aa0 flushing  nmethod 0x00000246d9c97e90
Event: 740.824 Thread 0x00000246d44a2aa0 flushing  nmethod 0x00000246d9cdfb90
Event: 740.824 Thread 0x00000246d44a2aa0 flushing  nmethod 0x00000246d9d11090

Events (20 events):
Event: 878.449 Thread 0x00000246f7562e50 Thread exited: 0x00000246f7562e50
Event: 878.662 Thread 0x00000246f7560d80 Thread added: 0x00000246f7562e50
Event: 878.663 Thread 0x00000246f7560d80 Thread exited: 0x00000246f7560d80
Event: 880.311 Thread 0x00000246fbb1dc40 Thread exited: 0x00000246fbb1dc40
Event: 886.537 Thread 0x00000246f497db80 Thread exited: 0x00000246f497db80
Event: 916.537 Thread 0x00000246f497ef30 Thread exited: 0x00000246f497ef30
Event: 937.852 Thread 0x00000246f7562130 Thread added: 0x00000246f7560d80
Event: 937.857 Thread 0x00000246f7560d80 Thread exited: 0x00000246f7560d80
Event: 937.860 Thread 0x00000246ec415490 Thread added: 0x00000246fbb1dc40
Event: 937.860 Thread 0x00000246ec415490 Thread added: 0x00000246fbb1ac90
Event: 942.886 Thread 0x00000246fbb1ac90 Thread exited: 0x00000246fbb1ac90
Event: 944.157 Thread 0x00000246fbb1dc40 Thread exited: 0x00000246fbb1dc40
Event: 946.538 Thread 0x00000246f7562e50 Thread exited: 0x00000246f7562e50
Event: 958.900 Thread 0x00000246f9338d90 Thread exited: 0x00000246f9338d90
Event: 965.667 Thread 0x00000246f67daaa0 Thread added: 0x00000246f7562e50
Event: 986.242 Thread 0x00000246f7562e50 Thread added: 0x00000246f7560d80
Event: 986.432 Thread 0x00000246f755f9d0 Thread added: 0x00000246f497ef30
Event: 986.475 Thread 0x00000246d44bc5d0 Thread added: 0x00000246fbb1dc40
Event: 986.614 Thread 0x00000246f7560d80 Thread added: 0x00000246f4602620
Event: 993.181 Thread 0x00000246fbb1dc40 Thread exited: 0x00000246fbb1dc40


Dynamic libraries:
0x00007ff772970000 - 0x00007ff77297e000 	c:\Users\alfon\.vscode\extensions\redhat.java-1.56.2026063009-win32-x64\jre\21.0.11-win32-x86_64\bin\java.exe
0x00007ffd70560000 - 0x00007ffd707c6000 	C:\WINDOWS\SYSTEM32\ntdll.dll
0x00007ffd6f5c0000 - 0x00007ffd6f689000 	C:\WINDOWS\System32\KERNEL32.DLL
0x00007ffd6dd80000 - 0x00007ffd6e17a000 	C:\WINDOWS\System32\KERNELBASE.dll
0x00007ffd68d30000 - 0x00007ffd68dd0000 	C:\WINDOWS\SYSTEM32\apphelp.dll
0x00007ffd6e180000 - 0x00007ffd6e2cc000 	C:\WINDOWS\System32\ucrtbase.dll
0x00007ffd48a50000 - 0x00007ffd48a6e000 	c:\Users\alfon\.vscode\extensions\redhat.java-1.56.2026063009-win32-x64\jre\21.0.11-win32-x86_64\bin\VCRUNTIME140.dll
0x00007ffd65960000 - 0x00007ffd65978000 	c:\Users\alfon\.vscode\extensions\redhat.java-1.56.2026063009-win32-x64\jre\21.0.11-win32-x86_64\bin\jli.dll
0x00007ffd6f3e0000 - 0x00007ffd6f5a7000 	C:\WINDOWS\System32\USER32.dll
0x00007ffd6db70000 - 0x00007ffd6db97000 	C:\WINDOWS\System32\win32u.dll
0x00007ffd6fdb0000 - 0x00007ffd6fddb000 	C:\WINDOWS\System32\GDI32.dll
0x00007ffd62810000 - 0x00007ffd62aa2000 	C:\WINDOWS\WinSxS\amd64_microsoft.windows.common-controls_6595b64144ccf1df_6.0.26100.8521_none_3e08b75ce33403b3\COMCTL32.dll
0x00007ffd6dc50000 - 0x00007ffd6dd7b000 	C:\WINDOWS\System32\gdi32full.dll
0x00007ffd6e430000 - 0x00007ffd6e4d9000 	C:\WINDOWS\System32\msvcrt.dll
0x00007ffd6d7f0000 - 0x00007ffd6d893000 	C:\WINDOWS\System32\msvcp_win.dll
0x00007ffd6ea70000 - 0x00007ffd6eaa2000 	C:\WINDOWS\System32\IMM32.DLL
0x00007ffd66eb0000 - 0x00007ffd66ebc000 	c:\Users\alfon\.vscode\extensions\redhat.java-1.56.2026063009-win32-x64\jre\21.0.11-win32-x86_64\bin\vcruntime140_1.dll
0x00007ffd30210000 - 0x00007ffd3029d000 	c:\Users\alfon\.vscode\extensions\redhat.java-1.56.2026063009-win32-x64\jre\21.0.11-win32-x86_64\bin\msvcp140.dll
0x00007ffc58da0000 - 0x00007ffc59b42000 	c:\Users\alfon\.vscode\extensions\redhat.java-1.56.2026063009-win32-x64\jre\21.0.11-win32-x86_64\bin\server\jvm.dll
0x00007ffd6e510000 - 0x00007ffd6e5c6000 	C:\WINDOWS\System32\ADVAPI32.dll
0x00007ffd6f720000 - 0x00007ffd6f7ca000 	C:\WINDOWS\System32\sechost.dll
0x00007ffd70400000 - 0x00007ffd70518000 	C:\WINDOWS\System32\RPCRT4.dll
0x00007ffd6ebb0000 - 0x00007ffd6ec30000 	C:\WINDOWS\System32\WS2_32.dll
0x00007ffd6c3e0000 - 0x00007ffd6c43e000 	C:\WINDOWS\SYSTEM32\POWRPROF.dll
0x00007ffd60000000 - 0x00007ffd60036000 	C:\WINDOWS\SYSTEM32\WINMM.dll
0x00007ffd62460000 - 0x00007ffd6246b000 	C:\WINDOWS\SYSTEM32\VERSION.dll
0x00007ffd6c3c0000 - 0x00007ffd6c3d4000 	C:\WINDOWS\SYSTEM32\UMPDC.dll
0x00007ffd6c6a0000 - 0x00007ffd6c6bb000 	C:\WINDOWS\SYSTEM32\kernel.appcore.dll
0x00007ffd62c00000 - 0x00007ffd62c0a000 	c:\Users\alfon\.vscode\extensions\redhat.java-1.56.2026063009-win32-x64\jre\21.0.11-win32-x86_64\bin\jimage.dll
0x00007ffd6a9b0000 - 0x00007ffd6abf2000 	C:\WINDOWS\SYSTEM32\DBGHELP.DLL
0x00007ffd6fa20000 - 0x00007ffd6fda3000 	C:\WINDOWS\System32\combase.dll
0x00007ffd6ffd0000 - 0x00007ffd700a9000 	C:\WINDOWS\System32\OLEAUT32.dll
0x00007ffd4f140000 - 0x00007ffd4f17b000 	C:\WINDOWS\SYSTEM32\dbgcore.DLL
0x00007ffd6dba0000 - 0x00007ffd6dc48000 	C:\WINDOWS\System32\bcryptPrimitives.dll
0x00007ffd587d0000 - 0x00007ffd587df000 	c:\Users\alfon\.vscode\extensions\redhat.java-1.56.2026063009-win32-x64\jre\21.0.11-win32-x86_64\bin\instrument.dll
0x00007ffd48a30000 - 0x00007ffd48a50000 	c:\Users\alfon\.vscode\extensions\redhat.java-1.56.2026063009-win32-x64\jre\21.0.11-win32-x86_64\bin\java.dll
0x00007ffd6ec50000 - 0x00007ffd6f3d4000 	C:\WINDOWS\System32\SHELL32.dll
0x00007ffd6b3a0000 - 0x00007ffd6bc20000 	C:\WINDOWS\SYSTEM32\windows.storage.dll
0x00007ffd6eab0000 - 0x00007ffd6eba6000 	C:\WINDOWS\System32\SHCORE.dll
0x00007ffd6f7d0000 - 0x00007ffd6f837000 	C:\WINDOWS\System32\shlwapi.dll
0x00007ffd6d710000 - 0x00007ffd6d739000 	C:\WINDOWS\SYSTEM32\profapi.dll
0x00007ffd48a10000 - 0x00007ffd48a28000 	c:\Users\alfon\.vscode\extensions\redhat.java-1.56.2026063009-win32-x64\jre\21.0.11-win32-x86_64\bin\zip.dll
0x00007ffd55bd0000 - 0x00007ffd55be0000 	C:\Users\alfon\.vscode\extensions\redhat.java-1.56.2026063009-win32-x64\jre\21.0.11-win32-x86_64\bin\net.dll
0x00007ffd667b0000 - 0x00007ffd668d9000 	C:\WINDOWS\SYSTEM32\WINHTTP.dll
0x00007ffd6cc10000 - 0x00007ffd6cc7c000 	C:\WINDOWS\system32\mswsock.dll
0x00007ffd44ec0000 - 0x00007ffd44ed6000 	C:\Users\alfon\.vscode\extensions\redhat.java-1.56.2026063009-win32-x64\jre\21.0.11-win32-x86_64\bin\nio.dll
0x00007ffd55ae0000 - 0x00007ffd55af0000 	c:\Users\alfon\.vscode\extensions\redhat.java-1.56.2026063009-win32-x64\jre\21.0.11-win32-x86_64\bin\verify.dll
0x00007ffd3f4d0000 - 0x00007ffd3f515000 	C:\Users\alfon\AppData\Roaming\Code\User\globalStorage\redhat.java\1.56.2026063009\config_win\org.eclipse.equinox.launcher\org.eclipse.equinox.launcher.win32.win32.x86_64_1.3.100.v20260613-0559\eclipse_11924.dll
0x00007ffd6fe30000 - 0x00007ffd6ffc8000 	C:\WINDOWS\System32\ole32.dll
0x00007ffd6cef0000 - 0x00007ffd6cf0b000 	C:\WINDOWS\SYSTEM32\CRYPTSP.dll
0x00007ffd6c600000 - 0x00007ffd6c639000 	C:\WINDOWS\system32\rsaenh.dll
0x00007ffd6ccc0000 - 0x00007ffd6ccf3000 	C:\WINDOWS\SYSTEM32\USERENV.dll
0x00007ffd6d6e0000 - 0x00007ffd6d70a000 	C:\WINDOWS\SYSTEM32\bcrypt.dll
0x00007ffd6cf10000 - 0x00007ffd6cf1c000 	C:\WINDOWS\SYSTEM32\CRYPTBASE.dll
0x00007ffd6c110000 - 0x00007ffd6c143000 	C:\WINDOWS\SYSTEM32\IPHLPAPI.DLL
0x00007ffd6f5b0000 - 0x00007ffd6f5ba000 	C:\WINDOWS\System32\NSI.dll
0x00007ffd31470000 - 0x00007ffd314b9000 	C:\Users\alfon\AppData\Local\Temp\jna-92900538\jna16079840812382141431.dll
0x00007ffd6ec40000 - 0x00007ffd6ec48000 	C:\WINDOWS\System32\PSAPI.DLL
0x00007ffd66790000 - 0x00007ffd667ad000 	C:\WINDOWS\SYSTEM32\dhcpcsvc6.DLL
0x00007ffd66670000 - 0x00007ffd66695000 	C:\WINDOWS\SYSTEM32\dhcpcsvc.DLL
0x00007ffd553f0000 - 0x00007ffd553f9000 	C:\Users\alfon\.vscode\extensions\redhat.java-1.56.2026063009-win32-x64\jre\21.0.11-win32-x86_64\bin\extnet.dll

JVMTI agents:
c:\Users\alfon\.vscode\extensions\redhat.java-1.56.2026063009-win32-x64\lombok\lombok-1.18.39-4050.jar path:c:\Users\alfon\.vscode\extensions\redhat.java-1.56.2026063009-win32-x64\jre\21.0.11-win32-x86_64\bin\instrument.dll, loaded, initialized, instrumentlib options:none

dbghelp: loaded successfully - version: 4.0.5 - missing functions: none
symbol engine: initialized successfully - sym options: 0x614 - pdb path: .;c:\Users\alfon\.vscode\extensions\redhat.java-1.56.2026063009-win32-x64\jre\21.0.11-win32-x86_64\bin;C:\WINDOWS\SYSTEM32;C:\WINDOWS\WinSxS\amd64_microsoft.windows.common-controls_6595b64144ccf1df_6.0.26100.8521_none_3e08b75ce33403b3;c:\Users\alfon\.vscode\extensions\redhat.java-1.56.2026063009-win32-x64\jre\21.0.11-win32-x86_64\bin\server;C:\Users\alfon\AppData\Roaming\Code\User\globalStorage\redhat.java\1.56.2026063009\config_win\org.eclipse.equinox.launcher\org.eclipse.equinox.launcher.win32.win32.x86_64_1.3.100.v20260613-0559;C:\Users\alfon\AppData\Local\Temp\jna-92900538

VM Arguments:
jvm_args: --add-modules=ALL-SYSTEM --add-opens=java.base/java.util=ALL-UNNAMED --add-opens=java.base/java.lang=ALL-UNNAMED --add-opens=java.base/sun.nio.fs=ALL-UNNAMED -Declipse.application=org.eclipse.jdt.ls.core.id1 -Dosgi.bundles.defaultStartLevel=4 -Declipse.product=org.eclipse.jdt.ls.core.product -Djava.import.generatesMetadataFilesAtProjectRoot=false -DDetectVMInstallationsJob.disabled=true -Dfile.encoding=utf8 -XX:+UseParallelGC -XX:GCTimeRatio=4 -XX:AdaptiveSizePolicyWeight=90 -Dsun.zip.disableMemoryMapping=true -Xmx2G -Xms100m -Xlog:disable -javaagent:c:\Users\alfon\.vscode\extensions\redhat.java-1.56.2026063009-win32-x64\lombok\lombok-1.18.39-4050.jar -XX:+HeapDumpOnOutOfMemoryError -XX:HeapDumpPath=c:\Users\alfon\AppData\Roaming\Code\User\workspaceStorage\6a117555faf51d1baf0e9514ff5b3d53\redhat.java -Daether.dependencyCollector.impl=bf -XX:+UnlockDiagnosticVMOptions -XX:+AllowArchivingWithJavaAgent -XX:+AutoCreateSharedArchive -XX:SharedArchiveFile=c:\Users\alfon\AppData\Roaming\Code\User\globalStorage\redhat.java\1.56.2026063009\jdtls.jsa 
java_command: c:\Users\alfon\.vscode\extensions\redhat.java-1.56.2026063009-win32-x64\server\plugins\org.eclipse.equinox.launcher_1.7.200.v20260619-2039.jar -configuration c:\Users\alfon\AppData\Roaming\Code\User\globalStorage\redhat.java\1.56.2026063009\config_win -data c:\Users\alfon\AppData\Roaming\Code\User\workspaceStorage\6a117555faf51d1baf0e9514ff5b3d53\redhat.java\jdt_ws --pipe=\\.\pipe\lsp-a9ac285b8278a4fd09e67d575288d28f-sock
java_class_path (initial): c:\Users\alfon\.vscode\extensions\redhat.java-1.56.2026063009-win32-x64\server\plugins\org.eclipse.equinox.launcher_1.7.200.v20260619-2039.jar
Launcher Type: SUN_STANDARD

[Global flags]
    uintx AdaptiveSizePolicyWeight                 = 90                                        {product} {command line}
     bool AllowArchivingWithJavaAgent              = true                             {JVMCI diagnostic} {command line}
     bool AutoCreateSharedArchive                  = false                               {JVMCI product} {command line}
     intx CICompilerCount                          = 15                                        {product} {ergonomic}
    uintx GCTimeRatio                              = 4                                         {product} {command line}
     bool HeapDumpOnOutOfMemoryError               = true                                   {manageable} {command line}
    ccstr HeapDumpPath                             = c:\Users\alfon\AppData\Roaming\Code\User\workspaceStorage\6a117555faf51d1baf0e9514ff5b3d53\redhat.java         {manageable} {command line}
   size_t InitialHeapSize                          = 104857600                                 {product} {command line}
   size_t MaxHeapSize                              = 2147483648                                {product} {command line}
   size_t MaxNewSize                               = 715653120                                 {product} {ergonomic}
   size_t MinHeapDeltaBytes                        = 524288                                    {product} {ergonomic}
   size_t MinHeapSize                              = 104857600                                 {product} {command line}
   size_t NewSize                                  = 34603008                                  {product} {ergonomic}
    uintx NonNMethodCodeHeapSize                   = 8192380                                {pd product} {ergonomic}
    uintx NonProfiledCodeHeapSize                  = 121732930                              {pd product} {ergonomic}
   size_t OldSize                                  = 70254592                                  {product} {ergonomic}
    uintx ProfiledCodeHeapSize                     = 121732930                              {pd product} {ergonomic}
    uintx ReservedCodeCacheSize                    = 251658240                              {pd product} {ergonomic}
     bool SegmentedCodeCache                       = true                                      {product} {ergonomic}
    ccstr SharedArchiveFile                        = c:\Users\alfon\AppData\Roaming\Code\User\globalStorage\redhat.java\1.56.2026063009\jdtls.jsa      {JVMCI product} {command line}
   size_t SoftMaxHeapSize                          = 2147483648                             {manageable} {ergonomic}
     bool UnlockDiagnosticVMOptions                = true                                   {diagnostic} {command line}
     bool UseCompressedOops                        = true                           {product lp64_product} {ergonomic}
     bool UseLargePagesIndividualAllocation        = false                                  {pd product} {ergonomic}
     bool UseParallelGC                            = true                                      {product} {command line}

Logging:
Log output configuration:
 #0: stdout all=off uptime,level,tags foldmultilines=false
 #1: stderr all=off uptime,level,tags foldmultilines=false

Release file:
JAVA_VERSION="21.0.11" 
MODULES="java.base java.compiler java.datatransfer java.xml java.prefs java.desktop java.instrument java.logging java.management java.security.sasl java.naming java.rmi java.management.rmi java.net.http java.scripting java.security.jgss java.transaction.xa java.sql java.sql.rowset java.xml.crypto java.se java.smartcardio jdk.accessibility jdk.internal.jvmstat jdk.attach jdk.charsets jdk.internal.opt jdk.zipfs jdk.compiler jdk.crypto.ec jdk.crypto.cryptoki jdk.crypto.mscapi jdk.dynalink jdk.internal.ed jdk.editpad jdk.hotspot.agent jdk.httpserver jdk.internal.le jdk.internal.vm.ci jdk.internal.vm.compiler jdk.internal.vm.compiler.management jdk.jartool jdk.javadoc jdk.jcmd jdk.management jdk.management.agent jdk.jconsole jdk.jdeps jdk.jdwp.agent jdk.jdi jdk.jfr jdk.jshell jdk.jsobject jdk.jstatd jdk.localedata jdk.management.jfr jdk.naming.dns jdk.naming.rmi jdk.net jdk.nio.mapmode jdk.random jdk.sctp jdk.security.auth jdk.security.jgss jdk.unsupported jdk.unsupported.desktop jdk.xml.dom" 

Environment Variables:
JAVA_HOME=C:\Program Files\RedHat\OpenJDK21\java-21-openjdk-21.0.9.0.10-1.win.jdk.x86_64
PATH=C:\WINDOWS\System32;C:\WINDOWS;C:\Windows\System32\OpenSSH;C:\Program Files\WindowsApps\Microsoft.PowerShell_7.5.4.0_x64__8wekyb3d8bbwe;C:\Program Files\RedHat\OpenJDK21\java-21-openjdk-21.0.9.0.10-1.win.jdk.x86_64\bin;C:\Program Files\dotnet;C:\Program Files\Git\cmd;C:\Program Files\Docker\Docker\resources\bin;C:\Program Files\Amazon\AWSCLIV2;C:\Program Files\NVIDIA Corporation\NVIDIA App\NvDLISR;C:\Program Files (x86)\NVIDIA Corporation\PhysX\Common;C:\Strawberry\c\bin;C:\Strawberry\perl\site\bin;C:\Strawberry\perl\bin;C:\Users\alfon\AppData\Local\Android\Sdk\platform-tools;C:\Users\alfon\AppData\Local\Android\Sdk\cmdline-tools\latest\bin;C:\Users\alfon\AppData\Local\Android\Sdk\tools\bin;C:\Users\alfon\AppData\Local\Programs\oh-my-posh\bin;C:\Program Files\Apache-Maven\apache-maven-3.9.11\bin;C:\dev\flutter\bin;C:\nvm4w\nodejs;C:\terraform_1.14.3;C:\Users\alfon\.dotnet\tools;C:\Users\alfon\AppData\Local\Programs\Microsoft VS Code\bin;C:\Users\alfon\AppData\Local\Programs\MiKTeX\miktex\bin\x64\;C:\Program Files\WindowsApps\Microsoft.PowerShell_7.6.0.0_x64__8wekyb3d8bbwe;
USERNAME=alfon
OS=Windows_NT
PROCESSOR_IDENTIFIER=Intel64 Family 6 Model 183 Stepping 1, GenuineIntel
TMP=C:\Users\alfon\AppData\Local\Temp
TEMP=C:\Users\alfon\AppData\Local\Temp




Periodic native trim disabled

---------------  S Y S T E M  ---------------

OS:
 Windows 11 , 64 bit Build 26100 (10.0.26100.8521)
OS uptime: 2 days 23:56 hours
Hyper-V role detected

CPU: total 32 (initial active 32) (16 cores per cpu, 2 threads per core) family 6 model 183 stepping 1 microcode 0x12b, cx8, cmov, fxsr, ht, mmx, 3dnowpref, sse, sse2, sse3, ssse3, sse4.1, sse4.2, popcnt, lzcnt, tsc, tscinvbit, avx, avx2, aes, erms, clmul, bmi1, bmi2, adx, sha, fma, vzeroupper, clflush, clflushopt, clwb, hv, serialize, rdtscp, rdpid, fsrm, f16c, cet_ibt, cet_ss
Processor Information for processor 0
  Max Mhz: 2200, Current Mhz: 2200, Mhz Limit: 2200
Processor Information for processor 1
  Max Mhz: 2200, Current Mhz: 1466, Mhz Limit: 2200
Processor Information for processor 2
  Max Mhz: 2200, Current Mhz: 2200, Mhz Limit: 2200
Processor Information for processor 3
  Max Mhz: 2200, Current Mhz: 1466, Mhz Limit: 2200
Processor Information for processor 4
  Max Mhz: 2200, Current Mhz: 1466, Mhz Limit: 2200
Processor Information for processor 5
  Max Mhz: 2200, Current Mhz: 2200, Mhz Limit: 2200
Processor Information for processor 6
  Max Mhz: 2200, Current Mhz: 2200, Mhz Limit: 2200
Processor Information for processor 7
  Max Mhz: 2200, Current Mhz: 2200, Mhz Limit: 2200
Processor Information for processor 8
  Max Mhz: 2200, Current Mhz: 1466, Mhz Limit: 2200
Processor Information for processor 9
  Max Mhz: 2200, Current Mhz: 2200, Mhz Limit: 2200
Processor Information for processor 10
  Max Mhz: 2200, Current Mhz: 2200, Mhz Limit: 2200
Processor Information for processor 11
  Max Mhz: 2200, Current Mhz: 2200, Mhz Limit: 2200
Processor Information for processor 12
  Max Mhz: 2200, Current Mhz: 2200, Mhz Limit: 2200
Processor Information for processor 13
  Max Mhz: 2200, Current Mhz: 2200, Mhz Limit: 2200
Processor Information for processor 14
  Max Mhz: 2200, Current Mhz: 2200, Mhz Limit: 2200
Processor Information for processor 15
  Max Mhz: 2200, Current Mhz: 1466, Mhz Limit: 2200
Processor Information for processor 16
  Max Mhz: 2200, Current Mhz: 1500, Mhz Limit: 1584
Processor Information for processor 17
  Max Mhz: 2200, Current Mhz: 1500, Mhz Limit: 1584
Processor Information for processor 18
  Max Mhz: 2200, Current Mhz: 1500, Mhz Limit: 1584
Processor Information for processor 19
  Max Mhz: 2200, Current Mhz: 1500, Mhz Limit: 1584
Processor Information for processor 20
  Max Mhz: 2200, Current Mhz: 1500, Mhz Limit: 1584
Processor Information for processor 21
  Max Mhz: 2200, Current Mhz: 1500, Mhz Limit: 1584
Processor Information for processor 22
  Max Mhz: 2200, Current Mhz: 1500, Mhz Limit: 1584
Processor Information for processor 23
  Max Mhz: 2200, Current Mhz: 1500, Mhz Limit: 1584
Processor Information for processor 24
  Max Mhz: 2200, Current Mhz: 1500, Mhz Limit: 1584
Processor Information for processor 25
  Max Mhz: 2200, Current Mhz: 1500, Mhz Limit: 1584
Processor Information for processor 26
  Max Mhz: 2200, Current Mhz: 1500, Mhz Limit: 1584
Processor Information for processor 27
  Max Mhz: 2200, Current Mhz: 1600, Mhz Limit: 1584
Processor Information for processor 28
  Max Mhz: 2200, Current Mhz: 1500, Mhz Limit: 1584
Processor Information for processor 29
  Max Mhz: 2200, Current Mhz: 1500, Mhz Limit: 1584
Processor Information for processor 30
  Max Mhz: 2200, Current Mhz: 1500, Mhz Limit: 1584
Processor Information for processor 31
  Max Mhz: 2200, Current Mhz: 1500, Mhz Limit: 1584

Memory: 4k page, system-wide physical 15999M (2353M free)
TotalPageFile size 39551M (AvailPageFile size 18266M)
current process WorkingSet (physical memory assigned to process): 1055M, peak: 1737M
current process commit charge ("private bytes"): 1136M, peak: 1822M

vm_info: OpenJDK 64-Bit Server VM (21.0.11+10-LTS) for windows-amd64 JRE (21.0.11+10-LTS), built on 2026-04-21T00:00:00Z by "admin" with MS VC++ 17.12 (VS2022)

END.
